{"/Users/ulrichsturm/Library/Mobile Documents/com~apple~CloudDocs/MM/apps/server/src/app.module.ts": {"path":"/Users/ulrichsturm/Library/Mobile Documents/com~apple~CloudDocs/MM/apps/server/src/app.module.ts","statementMap":{"0":{"start":{"line":1,"column":0},"end":{"line":1,"column":40}},"1":{"start":{"line":2,"column":0},"end":{"line":2,"column":46}},"2":{"start":{"line":3,"column":0},"end":{"line":3,"column":52}},"3":{"start":{"line":4,"column":0},"end":{"line":4,"column":74}},"4":{"start":{"line":5,"column":0},"end":{"line":5,"column":48}},"5":{"start":{"line":6,"column":0},"end":{"line":6,"column":57}},"6":{"start":{"line":7,"column":0},"end":{"line":7,"column":54}},"7":{"start":{"line":8,"column":0},"end":{"line":8,"column":54}},"8":{"start":{"line":9,"column":0},"end":{"line":9,"column":54}},"9":{"start":{"line":10,"column":0},"end":{"line":10,"column":51}},"10":{"start":{"line":11,"column":0},"end":{"line":11,"column":57}},"11":{"start":{"line":12,"column":0},"end":{"line":12,"column":54}},"12":{"start":{"line":13,"column":0},"end":{"line":13,"column":60}},"13":{"start":{"line":14,"column":0},"end":{"line":14,"column":60}},"14":{"start":{"line":15,"column":0},"end":{"line":15,"column":66}},"15":{"start":{"line":16,"column":0},"end":{"line":16,"column":51}},"16":{"start":{"line":17,"column":0},"end":{"line":17,"column":59}},"17":{"start":{"line":63,"column":7},"end":{"line":63,"column":null}},"18":{"start":{"line":63,"column":13},"end":{"line":63,"column":22}},"19":{"start":{"line":63,"column":13},"end":{"line":63,"column":null}}},"fnMap":{},"branchMap":{},"s":{"0":0,"1":0,"2":0,"3":0,"4":0,"5":0,"6":0,"7":0,"8":0,"9":0,"10":0,"11":0,"12":0,"13":0,"14":0,"15":0,"16":0,"17":0,"18":0,"19":0},"f":{},"b":{}}
,"/Users/ulrichsturm/Library/Mobile Documents/com~apple~CloudDocs/MM/apps/server/src/main.ts": {"path":"/Users/ulrichsturm/Library/Mobile Documents/com~apple~CloudDocs/MM/apps/server/src/main.ts","statementMap":{"0":{"start":{"line":1,"column":0},"end":{"line":1,"column":56}},"1":{"start":{"line":2,"column":0},"end":{"line":2,"column":43}},"2":{"start":{"line":3,"column":0},"end":{"line":3,"column":65}},"3":{"start":{"line":4,"column":0},"end":{"line":4,"column":28}},"4":{"start":{"line":5,"column":0},"end":{"line":5,"column":32}},"5":{"start":{"line":6,"column":0},"end":{"line":6,"column":41}},"6":{"start":{"line":9,"column":14},"end":{"line":9,"column":49}},"7":{"start":{"line":10,"column":17},"end":{"line":10,"column":40}},"8":{"start":{"line":13,"column":2},"end":{"line":19,"column":4}},"9":{"start":{"line":22,"column":2},"end":{"line":22,"column":29}},"10":{"start":{"line":25,"column":2},"end":{"line":34,"column":4}},"11":{"start":{"line":37,"column":25},"end":{"line":41,"column":4}},"12":{"start":{"line":43,"column":2},"end":{"line":56,"column":5}},"13":{"start":{"line":46,"column":6},"end":{"line":51,"column":7}},"14":{"start":{"line":47,"column":8},"end":{"line":47,"column":29}},"15":{"start":{"line":49,"column":8},"end":{"line":49,"column":60}},"16":{"start":{"line":50,"column":8},"end":{"line":50,"column":51}},"17":{"start":{"line":59,"column":2},"end":{"line":174,"column":3}},"18":{"start":{"line":60,"column":19},"end":{"line":140,"column":14}},"19":{"start":{"line":142,"column":21},"end":{"line":142,"column":62}},"20":{"start":{"line":145,"column":4},"end":{"line":160,"column":7}},"21":{"start":{"line":163,"column":4},"end":{"line":165,"column":7}},"22":{"start":{"line":164,"column":6},"end":{"line":164,"column":25}},"23":{"start":{"line":168,"column":4},"end":{"line":170,"column":7}},"24":{"start":{"line":169,"column":6},"end":{"line":169,"column":54}},"25":{"start":{"line":172,"column":4},"end":{"line":172,"column":66}},"26":{"start":{"line":173,"column":4},"end":{"line":173,"column":67}},"27":{"start":{"line":176,"column":15},"end":{"line":176,"column":39}},"28":{"start":{"line":177,"column":2},"end":{"line":177,"column":25}},"29":{"start":{"line":179,"column":2},"end":{"line":179,"column":67}},"30":{"start":{"line":180,"column":2},"end":{"line":180,"column":73}},"31":{"start":{"line":183,"column":0},"end":{"line":183,"column":12}}},"fnMap":{"0":{"name":"bootstrap","decl":{"start":{"line":8,"column":15},"end":{"line":8,"column":24}},"loc":{"start":{"line":8,"column":24},"end":{"line":181,"column":1}}},"1":{"name":"(anonymous_1)","decl":{"start":{"line":44,"column":12},"end":{"line":44,"column":13}},"loc":{"start":{"line":44,"column":33},"end":{"line":52,"column":5}}},"2":{"name":"(anonymous_2)","decl":{"start":{"line":163,"column":47},"end":{"line":163,"column":48}},"loc":{"start":{"line":163,"column":60},"end":{"line":165,"column":5}}},"3":{"name":"(anonymous_3)","decl":{"start":{"line":168,"column":47},"end":{"line":168,"column":48}},"loc":{"start":{"line":168,"column":60},"end":{"line":170,"column":5}}}},"branchMap":{"0":{"loc":{"start":{"line":17,"column":12},"end":{"line":17,"column":69}},"type":"cond-expr","locations":[{"start":{"line":17,"column":52},"end":{"line":17,"column":61}},{"start":{"line":17,"column":64},"end":{"line":17,"column":69}}]},"1":{"loc":{"start":{"line":37,"column":25},"end":{"line":41,"column":4}},"type":"binary-expr","locations":[{"start":{"line":37,"column":25},"end":{"line":37,"column":60}},{"start":{"line":37,"column":64},"end":{"line":41,"column":4}}]},"2":{"loc":{"start":{"line":46,"column":6},"end":{"line":51,"column":7}},"type":"if","locations":[{"start":{"line":46,"column":6},"end":{"line":51,"column":7}},{"start":{"line":48,"column":13},"end":{"line":51,"column":7}}]},"3":{"loc":{"start":{"line":46,"column":10},"end":{"line":46,"column":52}},"type":"binary-expr","locations":[{"start":{"line":46,"column":10},"end":{"line":46,"column":17}},{"start":{"line":46,"column":21},"end":{"line":46,"column":52}}]},"4":{"loc":{"start":{"line":59,"column":2},"end":{"line":174,"column":3}},"type":"if","locations":[{"start":{"line":59,"column":2},"end":{"line":174,"column":3}}]},"5":{"loc":{"start":{"line":176,"column":15},"end":{"line":176,"column":39}},"type":"binary-expr","locations":[{"start":{"line":176,"column":15},"end":{"line":176,"column":31}},{"start":{"line":176,"column":35},"end":{"line":176,"column":39}}]},"6":{"loc":{"start":{"line":180,"column":32},"end":{"line":180,"column":69}},"type":"binary-expr","locations":[{"start":{"line":180,"column":32},"end":{"line":180,"column":52}},{"start":{"line":180,"column":56},"end":{"line":180,"column":69}}]}},"s":{"0":0,"1":0,"2":0,"3":0,"4":0,"5":0,"6":0,"7":0,"8":0,"9":0,"10":0,"11":0,"12":0,"13":0,"14":0,"15":0,"16":0,"17":0,"18":0,"19":0,"20":0,"21":0,"22":0,"23":0,"24":0,"25":0,"26":0,"27":0,"28":0,"29":0,"30":0,"31":0},"f":{"0":0,"1":0,"2":0,"3":0},"b":{"0":[0,0],"1":[0,0],"2":[0,0],"3":[0,0],"4":[0],"5":[0,0],"6":[0,0]}}
,"/Users/ulrichsturm/Library/Mobile Documents/com~apple~CloudDocs/MM/apps/server/src/admin/admin.controller.ts": {"path":"/Users/ulrichsturm/Library/Mobile Documents/com~apple~CloudDocs/MM/apps/server/src/admin/admin.controller.ts","statementMap":{"0":{"start":{"line":1,"column":0},"end":{"line":1,"column":61}},"1":{"start":{"line":2,"column":0},"end":{"line":2,"column":84}},"2":{"start":{"line":3,"column":0},"end":{"line":3,"column":56}},"3":{"start":{"line":4,"column":0},"end":{"line":4,"column":47}},"4":{"start":{"line":5,"column":0},"end":{"line":5,"column":65}},"5":{"start":{"line":12,"column":7},"end":{"line":44,"column":null}},"6":{"start":{"line":13,"column":31},"end":{"line":13,"column":45}},"7":{"start":{"line":42,"column":4},"end":{"line":42,"column":40}},"8":{"start":{"line":12,"column":13},"end":{"line":12,"column":28}},"9":{"start":{"line":41,"column":8},"end":{"line":43,"column":null}},"10":{"start":{"line":12,"column":13},"end":{"line":44,"column":null}}},"fnMap":{"0":{"name":"(anonymous_2)","decl":{"start":{"line":13,"column":2},"end":{"line":13,"column":31}},"loc":{"start":{"line":13,"column":57},"end":{"line":13,"column":61}}},"1":{"name":"(anonymous_3)","decl":{"start":{"line":41,"column":2},"end":{"line":41,"column":7}},"loc":{"start":{"line":41,"column":16},"end":{"line":43,"column":3}}}},"branchMap":{},"s":{"0":0,"1":0,"2":0,"3":0,"4":0,"5":0,"6":0,"7":0,"8":0,"9":0,"10":0},"f":{"0":0,"1":0},"b":{}}
,"/Users/ulrichsturm/Library/Mobile Documents/com~apple~CloudDocs/MM/apps/server/src/admin/admin.module.ts": {"path":"/Users/ulrichsturm/Library/Mobile Documents/com~apple~CloudDocs/MM/apps/server/src/admin/admin.module.ts","statementMap":{"0":{"start":{"line":1,"column":0},"end":{"line":1,"column":40}},"1":{"start":{"line":2,"column":0},"end":{"line":2,"column":53}},"2":{"start":{"line":3,"column":0},"end":{"line":3,"column":47}},"3":{"start":{"line":4,"column":0},"end":{"line":4,"column":55}},"4":{"start":{"line":12,"column":7},"end":{"line":12,"column":null}},"5":{"start":{"line":12,"column":13},"end":{"line":12,"column":24}},"6":{"start":{"line":12,"column":13},"end":{"line":12,"column":null}}},"fnMap":{},"branchMap":{},"s":{"0":0,"1":0,"2":0,"3":0,"4":0,"5":0,"6":0},"f":{},"b":{}}
,"/Users/ulrichsturm/Library/Mobile Documents/com~apple~CloudDocs/MM/apps/server/src/admin/admin.service.ts": {"path":"/Users/ulrichsturm/Library/Mobile Documents/com~apple~CloudDocs/MM/apps/server/src/admin/admin.service.ts","statementMap":{"0":{"start":{"line":1,"column":0},"end":{"line":1,"column":52}},"1":{"start":{"line":2,"column":0},"end":{"line":2,"column":57}},"2":{"start":{"line":3,"column":0},"end":{"line":3,"column":95}},"3":{"start":{"line":6,"column":25},"end":{"line":325,"column":null}},"4":{"start":{"line":9,"column":31},"end":{"line":9,"column":39}},"5":{"start":{"line":7,"column":19},"end":{"line":7,"column":58}},"6":{"start":{"line":15,"column":4},"end":{"line":15,"column":51}},"7":{"start":{"line":26,"column":8},"end":{"line":35,"column":6}},"8":{"start":{"line":37,"column":4},"end":{"line":47,"column":6}},"9":{"start":{"line":55,"column":6},"end":{"line":61,"column":8}},"10":{"start":{"line":63,"column":4},"end":{"line":69,"column":6}},"11":{"start":{"line":76,"column":60},"end":{"line":82,"column":6}},"12":{"start":{"line":84,"column":4},"end":{"line":90,"column":6}},"13":{"start":{"line":97,"column":62},"end":{"line":103,"column":6}},"14":{"start":{"line":105,"column":4},"end":{"line":111,"column":6}},"15":{"start":{"line":119,"column":6},"end":{"line":127,"column":8}},"16":{"start":{"line":129,"column":4},"end":{"line":137,"column":6}},"17":{"start":{"line":144,"column":70},"end":{"line":151,"column":6}},"18":{"start":{"line":153,"column":4},"end":{"line":160,"column":6}},"19":{"start":{"line":167,"column":21},"end":{"line":180,"column":6}},"20":{"start":{"line":182,"column":30},"end":{"line":182,"column":88}},"21":{"start":{"line":182,"column":51},"end":{"line":182,"column":87}},"22":{"start":{"line":183,"column":29},"end":{"line":183,"column":86}},"23":{"start":{"line":183,"column":50},"end":{"line":183,"column":85}},"24":{"start":{"line":185,"column":25},"end":{"line":185,"column":88}},"25":{"start":{"line":185,"column":62},"end":{"line":185,"column":84}},"26":{"start":{"line":186,"column":25},"end":{"line":186,"column":93}},"27":{"start":{"line":186,"column":62},"end":{"line":186,"column":89}},"28":{"start":{"line":187,"column":23},"end":{"line":187,"column":89}},"29":{"start":{"line":187,"column":60},"end":{"line":187,"column":85}},"30":{"start":{"line":188,"column":26},"end":{"line":188,"column":95}},"31":{"start":{"line":188,"column":63},"end":{"line":188,"column":91}},"32":{"start":{"line":189,"column":27},"end":{"line":189,"column":89}},"33":{"start":{"line":189,"column":63},"end":{"line":189,"column":85}},"34":{"start":{"line":191,"column":23},"end":{"line":197,"column":6}},"35":{"start":{"line":199,"column":30},"end":{"line":199,"column":76}},"36":{"start":{"line":201,"column":4},"end":{"line":208,"column":6}},"37":{"start":{"line":215,"column":25},"end":{"line":215,"column":35}},"38":{"start":{"line":216,"column":4},"end":{"line":216,"column":53}},"39":{"start":{"line":224,"column":8},"end":{"line":260,"column":6}},"40":{"start":{"line":262,"column":29},"end":{"line":262,"column":92}},"41":{"start":{"line":262,"column":66},"end":{"line":262,"column":88}},"42":{"start":{"line":264,"column":4},"end":{"line":270,"column":6}},"43":{"start":{"line":277,"column":23},"end":{"line":297,"column":6}},"44":{"start":{"line":299,"column":26},"end":{"line":320,"column":6}},"45":{"start":{"line":300,"column":28},"end":{"line":300,"column":52}},"46":{"start":{"line":301,"column":24},"end":{"line":301,"column":25}},"47":{"start":{"line":302,"column":20},"end":{"line":302,"column":21}},"48":{"start":{"line":304,"column":6},"end":{"line":311,"column":9}},"49":{"start":{"line":305,"column":8},"end":{"line":310,"column":11}},"50":{"start":{"line":306,"column":10},"end":{"line":309,"column":11}},"51":{"start":{"line":307,"column":12},"end":{"line":307,"column":26}},"52":{"start":{"line":308,"column":12},"end":{"line":308,"column":47}},"53":{"start":{"line":313,"column":6},"end":{"line":319,"column":8}},"54":{"start":{"line":323,"column":4},"end":{"line":323,"column":75}},"55":{"start":{"line":323,"column":40},"end":{"line":323,"column":61}},"56":{"start":{"line":6,"column":13},"end":{"line":6,"column":25}},"57":{"start":{"line":6,"column":13},"end":{"line":325,"column":null}}},"fnMap":{"0":{"name":"(anonymous_2)","decl":{"start":{"line":9,"column":2},"end":{"line":9,"column":31}},"loc":{"start":{"line":9,"column":52},"end":{"line":9,"column":56}}},"1":{"name":"(anonymous_3)","decl":{"start":{"line":14,"column":2},"end":{"line":14,"column":7}},"loc":{"start":{"line":14,"column":16},"end":{"line":48,"column":3}}},"2":{"name":"(anonymous_4)","decl":{"start":{"line":53,"column":10},"end":{"line":53,"column":15}},"loc":{"start":{"line":53,"column":28},"end":{"line":70,"column":3}}},"3":{"name":"(anonymous_5)","decl":{"start":{"line":75,"column":10},"end":{"line":75,"column":15}},"loc":{"start":{"line":75,"column":30},"end":{"line":91,"column":3}}},"4":{"name":"(anonymous_6)","decl":{"start":{"line":96,"column":10},"end":{"line":96,"column":15}},"loc":{"start":{"line":96,"column":31},"end":{"line":112,"column":3}}},"5":{"name":"(anonymous_7)","decl":{"start":{"line":117,"column":10},"end":{"line":117,"column":15}},"loc":{"start":{"line":117,"column":29},"end":{"line":138,"column":3}}},"6":{"name":"(anonymous_8)","decl":{"start":{"line":143,"column":10},"end":{"line":143,"column":15}},"loc":{"start":{"line":143,"column":31},"end":{"line":161,"column":3}}},"7":{"name":"(anonymous_9)","decl":{"start":{"line":166,"column":10},"end":{"line":166,"column":15}},"loc":{"start":{"line":166,"column":33},"end":{"line":209,"column":3}}},"8":{"name":"(anonymous_10)","decl":{"start":{"line":182,"column":46},"end":{"line":182,"column":47}},"loc":{"start":{"line":182,"column":51},"end":{"line":182,"column":87}}},"9":{"name":"(anonymous_11)","decl":{"start":{"line":183,"column":45},"end":{"line":183,"column":46}},"loc":{"start":{"line":183,"column":50},"end":{"line":183,"column":85}}},"10":{"name":"(anonymous_12)","decl":{"start":{"line":185,"column":50},"end":{"line":185,"column":51}},"loc":{"start":{"line":185,"column":62},"end":{"line":185,"column":84}}},"11":{"name":"(anonymous_13)","decl":{"start":{"line":186,"column":50},"end":{"line":186,"column":51}},"loc":{"start":{"line":186,"column":62},"end":{"line":186,"column":89}}},"12":{"name":"(anonymous_14)","decl":{"start":{"line":187,"column":48},"end":{"line":187,"column":49}},"loc":{"start":{"line":187,"column":60},"end":{"line":187,"column":85}}},"13":{"name":"(anonymous_15)","decl":{"start":{"line":188,"column":51},"end":{"line":188,"column":52}},"loc":{"start":{"line":188,"column":63},"end":{"line":188,"column":91}}},"14":{"name":"(anonymous_16)","decl":{"start":{"line":189,"column":51},"end":{"line":189,"column":52}},"loc":{"start":{"line":189,"column":63},"end":{"line":189,"column":85}}},"15":{"name":"(anonymous_17)","decl":{"start":{"line":214,"column":10},"end":{"line":214,"column":15}},"loc":{"start":{"line":214,"column":33},"end":{"line":271,"column":3}}},"16":{"name":"(anonymous_18)","decl":{"start":{"line":262,"column":54},"end":{"line":262,"column":55}},"loc":{"start":{"line":262,"column":66},"end":{"line":262,"column":88}}},"17":{"name":"(anonymous_19)","decl":{"start":{"line":276,"column":10},"end":{"line":276,"column":15}},"loc":{"start":{"line":276,"column":32},"end":{"line":324,"column":3}}},"18":{"name":"(anonymous_20)","decl":{"start":{"line":299,"column":41},"end":{"line":299,"column":49}},"loc":{"start":{"line":299,"column":52},"end":{"line":320,"column":5}}},"19":{"name":"(anonymous_21)","decl":{"start":{"line":304,"column":32},"end":{"line":304,"column":39}},"loc":{"start":{"line":304,"column":42},"end":{"line":311,"column":7}}},"20":{"name":"(anonymous_22)","decl":{"start":{"line":305,"column":35},"end":{"line":305,"column":39}},"loc":{"start":{"line":305,"column":42},"end":{"line":310,"column":9}}},"21":{"name":"(anonymous_23)","decl":{"start":{"line":323,"column":30},"end":{"line":323,"column":31}},"loc":{"start":{"line":323,"column":40},"end":{"line":323,"column":61}}}},"branchMap":{"0":{"loc":{"start":{"line":199,"column":30},"end":{"line":199,"column":76}},"type":"cond-expr","locations":[{"start":{"line":199,"column":47},"end":{"line":199,"column":72}},{"start":{"line":199,"column":75},"end":{"line":199,"column":76}}]},"1":{"loc":{"start":{"line":306,"column":10},"end":{"line":309,"column":11}},"type":"if","locations":[{"start":{"line":306,"column":10},"end":{"line":309,"column":11}}]}},"s":{"0":0,"1":0,"2":0,"3":0,"4":0,"5":0,"6":0,"7":0,"8":0,"9":0,"10":0,"11":0,"12":0,"13":0,"14":0,"15":0,"16":0,"17":0,"18":0,"19":0,"20":0,"21":0,"22":0,"23":0,"24":0,"25":0,"26":0,"27":0,"28":0,"29":0,"30":0,"31":0,"32":0,"33":0,"34":0,"35":0,"36":0,"37":0,"38":0,"39":0,"40":0,"41":0,"42":0,"43":0,"44":0,"45":0,"46":0,"47":0,"48":0,"49":0,"50":0,"51":0,"52":0,"53":0,"54":0,"55":0,"56":0,"57":0},"f":{"0":0,"1":0,"2":0,"3":0,"4":0,"5":0,"6":0,"7":0,"8":0,"9":0,"10":0,"11":0,"12":0,"13":0,"14":0,"15":0,"16":0,"17":0,"18":0,"19":0,"20":0,"21":0},"b":{"0":[0,0],"1":[0]}}
,"/Users/ulrichsturm/Library/Mobile Documents/com~apple~CloudDocs/MM/apps/server/src/admin/index.ts": {"path":"/Users/ulrichsturm/Library/Mobile Documents/com~apple~CloudDocs/MM/apps/server/src/admin/index.ts","statementMap":{"0":{"start":{"line":1,"column":0},"end":{"line":1,"column":31}},"1":{"start":{"line":2,"column":0},"end":{"line":2,"column":32}},"2":{"start":{"line":3,"column":0},"end":{"line":3,"column":35}},"3":{"start":{"line":4,"column":0},"end":{"line":4,"column":22}}},"fnMap":{},"branchMap":{},"s":{"0":0,"1":0,"2":0,"3":0},"f":{},"b":{}}
,"/Users/ulrichsturm/Library/Mobile Documents/com~apple~CloudDocs/MM/apps/server/src/admin/dto/index.ts": {"path":"/Users/ulrichsturm/Library/Mobile Documents/com~apple~CloudDocs/MM/apps/server/src/admin/dto/index.ts","statementMap":{"0":{"start":{"line":1,"column":0},"end":{"line":1,"column":37}}},"fnMap":{},"branchMap":{},"s":{"0":0},"f":{},"b":{}}
,"/Users/ulrichsturm/Library/Mobile Documents/com~apple~CloudDocs/MM/apps/server/src/admin/dto/stats-response.dto.ts": {"path":"/Users/ulrichsturm/Library/Mobile Documents/com~apple~CloudDocs/MM/apps/server/src/admin/dto/stats-response.dto.ts","statementMap":{"0":{"start":{"line":1,"column":0},"end":{"line":1,"column":46}},"1":{"start":{"line":3,"column":0},"end":{"line":3,"column":13}},"2":{"start":{"line":5,"column":2},"end":{"line":5,"column":null}},"3":{"start":{"line":8,"column":2},"end":{"line":8,"column":null}},"4":{"start":{"line":11,"column":2},"end":{"line":11,"column":null}},"5":{"start":{"line":14,"column":2},"end":{"line":14,"column":null}},"6":{"start":{"line":17,"column":2},"end":{"line":17,"column":null}},"7":{"start":{"line":20,"column":0},"end":{"line":20,"column":13}},"8":{"start":{"line":22,"column":2},"end":{"line":22,"column":null}},"9":{"start":{"line":25,"column":2},"end":{"line":25,"column":null}},"10":{"start":{"line":28,"column":2},"end":{"line":28,"column":null}},"11":{"start":{"line":31,"column":2},"end":{"line":31,"column":null}},"12":{"start":{"line":34,"column":2},"end":{"line":34,"column":null}},"13":{"start":{"line":37,"column":0},"end":{"line":37,"column":13}},"14":{"start":{"line":39,"column":2},"end":{"line":39,"column":null}},"15":{"start":{"line":42,"column":2},"end":{"line":42,"column":null}},"16":{"start":{"line":45,"column":2},"end":{"line":45,"column":null}},"17":{"start":{"line":48,"column":2},"end":{"line":48,"column":null}},"18":{"start":{"line":51,"column":2},"end":{"line":51,"column":null}},"19":{"start":{"line":54,"column":0},"end":{"line":54,"column":13}},"20":{"start":{"line":56,"column":2},"end":{"line":56,"column":null}},"21":{"start":{"line":59,"column":2},"end":{"line":59,"column":null}},"22":{"start":{"line":62,"column":2},"end":{"line":62,"column":null}},"23":{"start":{"line":65,"column":2},"end":{"line":65,"column":null}},"24":{"start":{"line":68,"column":2},"end":{"line":68,"column":null}},"25":{"start":{"line":71,"column":2},"end":{"line":71,"column":null}},"26":{"start":{"line":74,"column":2},"end":{"line":74,"column":null}},"27":{"start":{"line":77,"column":0},"end":{"line":77,"column":13}},"28":{"start":{"line":79,"column":2},"end":{"line":79,"column":null}},"29":{"start":{"line":82,"column":2},"end":{"line":82,"column":null}},"30":{"start":{"line":85,"column":2},"end":{"line":85,"column":null}},"31":{"start":{"line":88,"column":2},"end":{"line":88,"column":null}},"32":{"start":{"line":91,"column":2},"end":{"line":91,"column":null}},"33":{"start":{"line":94,"column":2},"end":{"line":94,"column":null}},"34":{"start":{"line":97,"column":0},"end":{"line":97,"column":13}},"35":{"start":{"line":99,"column":2},"end":{"line":99,"column":null}},"36":{"start":{"line":102,"column":2},"end":{"line":102,"column":null}},"37":{"start":{"line":105,"column":2},"end":{"line":105,"column":null}},"38":{"start":{"line":108,"column":2},"end":{"line":108,"column":null}},"39":{"start":{"line":111,"column":2},"end":{"line":111,"column":null}},"40":{"start":{"line":114,"column":2},"end":{"line":114,"column":null}},"41":{"start":{"line":117,"column":0},"end":{"line":117,"column":13}},"42":{"start":{"line":119,"column":2},"end":{"line":119,"column":null}},"43":{"start":{"line":122,"column":2},"end":{"line":122,"column":null}},"44":{"start":{"line":125,"column":2},"end":{"line":125,"column":null}},"45":{"start":{"line":128,"column":2},"end":{"line":128,"column":null}},"46":{"start":{"line":131,"column":2},"end":{"line":131,"column":null}},"47":{"start":{"line":134,"column":0},"end":{"line":134,"column":13}},"48":{"start":{"line":136,"column":2},"end":{"line":136,"column":null}},"49":{"start":{"line":139,"column":2},"end":{"line":139,"column":null}},"50":{"start":{"line":142,"column":2},"end":{"line":142,"column":null}},"51":{"start":{"line":145,"column":2},"end":{"line":145,"column":null}},"52":{"start":{"line":148,"column":2},"end":{"line":148,"column":null}},"53":{"start":{"line":151,"column":0},"end":{"line":151,"column":13}},"54":{"start":{"line":153,"column":2},"end":{"line":153,"column":null}},"55":{"start":{"line":156,"column":2},"end":{"line":156,"column":null}},"56":{"start":{"line":159,"column":2},"end":{"line":159,"column":null}},"57":{"start":{"line":162,"column":2},"end":{"line":162,"column":null}},"58":{"start":{"line":165,"column":2},"end":{"line":165,"column":null}},"59":{"start":{"line":168,"column":2},"end":{"line":168,"column":null}},"60":{"start":{"line":171,"column":2},"end":{"line":171,"column":null}},"61":{"start":{"line":174,"column":2},"end":{"line":174,"column":null}},"62":{"start":{"line":177,"column":2},"end":{"line":177,"column":null}}},"fnMap":{},"branchMap":{},"s":{"0":0,"1":0,"2":0,"3":0,"4":0,"5":0,"6":0,"7":0,"8":0,"9":0,"10":0,"11":0,"12":0,"13":0,"14":0,"15":0,"16":0,"17":0,"18":0,"19":0,"20":0,"21":0,"22":0,"23":0,"24":0,"25":0,"26":0,"27":0,"28":0,"29":0,"30":0,"31":0,"32":0,"33":0,"34":0,"35":0,"36":0,"37":0,"38":0,"39":0,"40":0,"41":0,"42":0,"43":0,"44":0,"45":0,"46":0,"47":0,"48":0,"49":0,"50":0,"51":0,"52":0,"53":0,"54":0,"55":0,"56":0,"57":0,"58":0,"59":0,"60":0,"61":0,"62":0},"f":{},"b":{}}
,"/Users/ulrichsturm/Library/Mobile Documents/com~apple~CloudDocs/MM/apps/server/src/admin/dto/update-user.dto.ts": {"path":"/Users/ulrichsturm/Library/Mobile Documents/com~apple~CloudDocs/MM/apps/server/src/admin/dto/update-user.dto.ts","statementMap":{"0":{"start":{"line":1,"column":0},"end":{"line":1,"column":54}},"1":{"start":{"line":2,"column":0},"end":{"line":2,"column":74}},"2":{"start":{"line":3,"column":0},"end":{"line":3,"column":38}},"3":{"start":{"line":5,"column":0},"end":{"line":5,"column":13}},"4":{"start":{"line":9,"column":2},"end":{"line":9,"column":null}},"5":{"start":{"line":14,"column":2},"end":{"line":14,"column":null}},"6":{"start":{"line":19,"column":2},"end":{"line":19,"column":null}},"7":{"start":{"line":24,"column":2},"end":{"line":24,"column":null}},"8":{"start":{"line":29,"column":2},"end":{"line":29,"column":null}}},"fnMap":{},"branchMap":{},"s":{"0":0,"1":0,"2":0,"3":0,"4":0,"5":0,"6":0,"7":0,"8":0},"f":{},"b":{}}
,"/Users/ulrichsturm/Library/Mobile Documents/com~apple~CloudDocs/MM/apps/server/src/auth/auth.controller.ts": {"path":"/Users/ulrichsturm/Library/Mobile Documents/com~apple~CloudDocs/MM/apps/server/src/auth/auth.controller.ts","statementMap":{"0":{"start":{"line":1,"column":0},"end":{"line":1,"column":98}},"1":{"start":{"line":2,"column":0},"end":{"line":2,"column":93}},"2":{"start":{"line":3,"column":0},"end":{"line":3,"column":45}},"3":{"start":{"line":4,"column":0},"end":{"line":4,"column":60}},"4":{"start":{"line":5,"column":0},"end":{"line":5,"column":60}},"5":{"start":{"line":6,"column":0},"end":{"line":6,"column":62}},"6":{"start":{"line":20,"column":7},"end":{"line":208,"column":null}},"7":{"start":{"line":21,"column":31},"end":{"line":21,"column":44}},"8":{"start":{"line":45,"column":27},"end":{"line":45,"column":39}},"9":{"start":{"line":48,"column":15},"end":{"line":48,"column":70}},"10":{"start":{"line":51,"column":4},"end":{"line":53,"column":5}},"11":{"start":{"line":52,"column":6},"end":{"line":52,"column":67}},"12":{"start":{"line":55,"column":4},"end":{"line":55,"column":16}},"13":{"start":{"line":91,"column":27},"end":{"line":91,"column":39}},"14":{"start":{"line":92,"column":4},"end":{"line":92,"column":64}},"15":{"start":{"line":116,"column":27},"end":{"line":116,"column":39}},"16":{"start":{"line":117,"column":4},"end":{"line":117,"column":99}},"17":{"start":{"line":152,"column":4},"end":{"line":154,"column":5}},"18":{"start":{"line":153,"column":6},"end":{"line":153,"column":74}},"19":{"start":{"line":155,"column":4},"end":{"line":155,"column":68}},"20":{"start":{"line":194,"column":4},"end":{"line":194,"column":47}},"21":{"start":{"line":206,"column":4},"end":{"line":206,"column":68}},"22":{"start":{"line":20,"column":13},"end":{"line":20,"column":27}},"23":{"start":{"line":44,"column":8},"end":{"line":56,"column":null}},"24":{"start":{"line":90,"column":8},"end":{"line":93,"column":null}},"25":{"start":{"line":115,"column":8},"end":{"line":118,"column":null}},"26":{"start":{"line":151,"column":8},"end":{"line":156,"column":null}},"27":{"start":{"line":184,"column":8},"end":{"line":195,"column":null}},"28":{"start":{"line":205,"column":2},"end":{"line":207,"column":null}},"29":{"start":{"line":20,"column":13},"end":{"line":208,"column":null}}},"fnMap":{"0":{"name":"(anonymous_4)","decl":{"start":{"line":21,"column":2},"end":{"line":21,"column":31}},"loc":{"start":{"line":21,"column":55},"end":{"line":21,"column":59}}},"1":{"name":"(anonymous_5)","decl":{"start":{"line":44,"column":2},"end":{"line":44,"column":7}},"loc":{"start":{"line":44,"column":55},"end":{"line":56,"column":3}}},"2":{"name":"(anonymous_6)","decl":{"start":{"line":90,"column":2},"end":{"line":90,"column":7}},"loc":{"start":{"line":90,"column":90},"end":{"line":93,"column":3}}},"3":{"name":"(anonymous_7)","decl":{"start":{"line":115,"column":2},"end":{"line":115,"column":7}},"loc":{"start":{"line":115,"column":92},"end":{"line":118,"column":3}}},"4":{"name":"(anonymous_8)","decl":{"start":{"line":151,"column":2},"end":{"line":151,"column":7}},"loc":{"start":{"line":151,"column":66},"end":{"line":156,"column":3}}},"5":{"name":"(anonymous_9)","decl":{"start":{"line":184,"column":2},"end":{"line":184,"column":7}},"loc":{"start":{"line":192,"column":5},"end":{"line":195,"column":3}}},"6":{"name":"(anonymous_10)","decl":{"start":{"line":205,"column":2},"end":{"line":205,"column":13}},"loc":{"start":{"line":205,"column":13},"end":{"line":207,"column":3}}}},"branchMap":{"0":{"loc":{"start":{"line":51,"column":4},"end":{"line":53,"column":5}},"type":"if","locations":[{"start":{"line":51,"column":4},"end":{"line":53,"column":5}}]},"1":{"loc":{"start":{"line":152,"column":4},"end":{"line":154,"column":5}},"type":"if","locations":[{"start":{"line":152,"column":4},"end":{"line":154,"column":5}}]},"2":{"loc":{"start":{"line":152,"column":8},"end":{"line":152,"column":40}},"type":"binary-expr","locations":[{"start":{"line":152,"column":8},"end":{"line":152,"column":22}},{"start":{"line":152,"column":26},"end":{"line":152,"column":40}}]}},"s":{"0":0,"1":0,"2":0,"3":0,"4":0,"5":0,"6":0,"7":0,"8":0,"9":0,"10":0,"11":0,"12":0,"13":0,"14":0,"15":0,"16":0,"17":0,"18":0,"19":0,"20":0,"21":0,"22":0,"23":0,"24":0,"25":0,"26":0,"27":0,"28":0,"29":0},"f":{"0":0,"1":0,"2":0,"3":0,"4":0,"5":0,"6":0},"b":{"0":[0],"1":[0],"2":[0,0]}}
,"/Users/ulrichsturm/Library/Mobile Documents/com~apple~CloudDocs/MM/apps/server/src/auth/auth.module.ts": {"path":"/Users/ulrichsturm/Library/Mobile Documents/com~apple~CloudDocs/MM/apps/server/src/auth/auth.module.ts","statementMap":{"0":{"start":{"line":1,"column":0},"end":{"line":1,"column":48}},"1":{"start":{"line":2,"column":0},"end":{"line":2,"column":61}},"2":{"start":{"line":3,"column":0},"end":{"line":3,"column":41}},"3":{"start":{"line":4,"column":0},"end":{"line":4,"column":73}},"4":{"start":{"line":5,"column":0},"end":{"line":5,"column":55}},"5":{"start":{"line":6,"column":0},"end":{"line":6,"column":51}},"6":{"start":{"line":7,"column":0},"end":{"line":7,"column":45}},"7":{"start":{"line":8,"column":0},"end":{"line":8,"column":52}},"8":{"start":{"line":9,"column":0},"end":{"line":9,"column":57}},"9":{"start":{"line":41,"column":7},"end":{"line":41,"column":null}},"10":{"start":{"line":41,"column":13},"end":{"line":41,"column":23}},"11":{"start":{"line":41,"column":13},"end":{"line":41,"column":null}}},"fnMap":{},"branchMap":{},"s":{"0":0,"1":0,"2":0,"3":0,"4":0,"5":0,"6":0,"7":0,"8":0,"9":0,"10":0,"11":0},"f":{},"b":{}}
,"/Users/ulrichsturm/Library/Mobile Documents/com~apple~CloudDocs/MM/apps/server/src/auth/auth.service.ts": {"path":"/Users/ulrichsturm/Library/Mobile Documents/com~apple~CloudDocs/MM/apps/server/src/auth/auth.service.ts","statementMap":{"0":{"start":{"line":1,"column":0},"end":{"line":1,"column":92}},"1":{"start":{"line":2,"column":0},"end":{"line":2,"column":47}},"2":{"start":{"line":3,"column":0},"end":{"line":3,"column":26}},"3":{"start":{"line":4,"column":0},"end":{"line":4,"column":49}},"4":{"start":{"line":5,"column":0},"end":{"line":5,"column":57}},"5":{"start":{"line":14,"column":24},"end":{"line":615,"column":null}},"6":{"start":{"line":22,"column":21},"end":{"line":22,"column":29}},"7":{"start":{"line":23,"column":21},"end":{"line":23,"column":36}},"8":{"start":{"line":15,"column":19},"end":{"line":15,"column":57}},"9":{"start":{"line":25,"column":4},"end":{"line":25,"column":97}},"10":{"start":{"line":26,"column":4},"end":{"line":26,"column":92}},"11":{"start":{"line":27,"column":4},"end":{"line":27,"column":94}},"12":{"start":{"line":28,"column":4},"end":{"line":29,"column":75}},"13":{"start":{"line":36,"column":17},"end":{"line":56,"column":6}},"14":{"start":{"line":58,"column":4},"end":{"line":62,"column":5}},"15":{"start":{"line":60,"column":6},"end":{"line":60,"column":75}},"16":{"start":{"line":61,"column":6},"end":{"line":61,"column":18}},"17":{"start":{"line":64,"column":4},"end":{"line":64,"column":16}},"18":{"start":{"line":88,"column":48},"end":{"line":88,"column":50}},"19":{"start":{"line":89,"column":4},"end":{"line":91,"column":5}},"20":{"start":{"line":90,"column":6},"end":{"line":90,"column":44}},"21":{"start":{"line":92,"column":4},"end":{"line":94,"column":5}},"22":{"start":{"line":93,"column":6},"end":{"line":93,"column":42}},"23":{"start":{"line":95,"column":4},"end":{"line":97,"column":5}},"24":{"start":{"line":96,"column":6},"end":{"line":96,"column":36}},"25":{"start":{"line":98,"column":4},"end":{"line":100,"column":5}},"26":{"start":{"line":99,"column":6},"end":{"line":99,"column":56}},"27":{"start":{"line":101,"column":4},"end":{"line":103,"column":5}},"28":{"start":{"line":102,"column":6},"end":{"line":102,"column":62}},"29":{"start":{"line":104,"column":4},"end":{"line":106,"column":5}},"30":{"start":{"line":105,"column":6},"end":{"line":105,"column":50}},"31":{"start":{"line":107,"column":4},"end":{"line":109,"column":5}},"32":{"start":{"line":108,"column":6},"end":{"line":108,"column":56}},"33":{"start":{"line":110,"column":4},"end":{"line":112,"column":5}},"34":{"start":{"line":111,"column":6},"end":{"line":111,"column":54}},"35":{"start":{"line":113,"column":4},"end":{"line":115,"column":5}},"36":{"start":{"line":114,"column":6},"end":{"line":114,"column":60}},"37":{"start":{"line":116,"column":4},"end":{"line":118,"column":5}},"38":{"start":{"line":117,"column":6},"end":{"line":117,"column":48}},"39":{"start":{"line":119,"column":4},"end":{"line":121,"column":5}},"40":{"start":{"line":120,"column":6},"end":{"line":120,"column":54}},"41":{"start":{"line":123,"column":17},"end":{"line":144,"column":6}},"42":{"start":{"line":146,"column":4},"end":{"line":146,"column":54}},"43":{"start":{"line":147,"column":4},"end":{"line":147,"column":16}},"44":{"start":{"line":154,"column":4},"end":{"line":154,"column":60}},"45":{"start":{"line":157,"column":6},"end":{"line":157,"column":80}},"46":{"start":{"line":158,"column":33},"end":{"line":158,"column":89}},"47":{"start":{"line":160,"column":4},"end":{"line":162,"column":5}},"48":{"start":{"line":161,"column":6},"end":{"line":161,"column":77}},"49":{"start":{"line":165,"column":17},"end":{"line":168,"column":6}},"50":{"start":{"line":170,"column":4},"end":{"line":172,"column":5}},"51":{"start":{"line":171,"column":6},"end":{"line":171,"column":54}},"52":{"start":{"line":175,"column":4},"end":{"line":199,"column":5}},"53":{"start":{"line":176,"column":6},"end":{"line":190,"column":8}},"54":{"start":{"line":193,"column":6},"end":{"line":195,"column":7}},"55":{"start":{"line":194,"column":8},"end":{"line":194,"column":71}},"56":{"start":{"line":197,"column":6},"end":{"line":197,"column":68}},"57":{"start":{"line":198,"column":6},"end":{"line":198,"column":73}},"58":{"start":{"line":202,"column":23},"end":{"line":202,"column":57}},"59":{"start":{"line":203,"column":4},"end":{"line":205,"column":5}},"60":{"start":{"line":204,"column":6},"end":{"line":204,"column":82}},"61":{"start":{"line":208,"column":4},"end":{"line":245,"column":5}},"62":{"start":{"line":209,"column":6},"end":{"line":222,"column":8}},"63":{"start":{"line":224,"column":6},"end":{"line":224,"column":74}},"64":{"start":{"line":225,"column":6},"end":{"line":225,"column":58}},"65":{"start":{"line":228,"column":6},"end":{"line":243,"column":7}},"66":{"start":{"line":229,"column":8},"end":{"line":232,"column":10}},"67":{"start":{"line":233,"column":8},"end":{"line":235,"column":9}},"68":{"start":{"line":234,"column":10},"end":{"line":234,"column":86}},"69":{"start":{"line":236,"column":8},"end":{"line":238,"column":9}},"70":{"start":{"line":237,"column":10},"end":{"line":237,"column":87}},"71":{"start":{"line":239,"column":8},"end":{"line":241,"column":9}},"72":{"start":{"line":240,"column":10},"end":{"line":240,"column":70}},"73":{"start":{"line":242,"column":8},"end":{"line":242,"column":79}},"74":{"start":{"line":244,"column":6},"end":{"line":244,"column":18}},"75":{"start":{"line":259,"column":4},"end":{"line":259,"column":73}},"76":{"start":{"line":262,"column":15},"end":{"line":262,"column":26}},"77":{"start":{"line":263,"column":4},"end":{"line":269,"column":5}},"78":{"start":{"line":264,"column":6},"end":{"line":264,"column":24}},"79":{"start":{"line":265,"column":11},"end":{"line":269,"column":5}},"80":{"start":{"line":266,"column":6},"end":{"line":266,"column":25}},"81":{"start":{"line":267,"column":11},"end":{"line":269,"column":5}},"82":{"start":{"line":268,"column":6},"end":{"line":268,"column":32}},"83":{"start":{"line":272,"column":25},"end":{"line":274,"column":6}},"84":{"start":{"line":276,"column":4},"end":{"line":286,"column":5}},"85":{"start":{"line":278,"column":6},"end":{"line":285,"column":9}},"86":{"start":{"line":289,"column":4},"end":{"line":298,"column":7}},"87":{"start":{"line":305,"column":4},"end":{"line":307,"column":7}},"88":{"start":{"line":314,"column":4},"end":{"line":316,"column":7}},"89":{"start":{"line":323,"column":4},"end":{"line":380,"column":5}},"90":{"start":{"line":325,"column":8},"end":{"line":325,"column":82}},"91":{"start":{"line":326,"column":35},"end":{"line":326,"column":91}},"92":{"start":{"line":328,"column":6},"end":{"line":330,"column":7}},"93":{"start":{"line":329,"column":8},"end":{"line":329,"column":79}},"94":{"start":{"line":332,"column":23},"end":{"line":345,"column":null}},"95":{"start":{"line":348,"column":19},"end":{"line":348,"column":32}},"96":{"start":{"line":351,"column":27},"end":{"line":351,"column":59}},"97":{"start":{"line":352,"column":6},"end":{"line":360,"column":7}},"98":{"start":{"line":353,"column":8},"end":{"line":359,"column":11}},"99":{"start":{"line":362,"column":6},"end":{"line":367,"column":8}},"100":{"start":{"line":369,"column":6},"end":{"line":371,"column":7}},"101":{"start":{"line":370,"column":8},"end":{"line":370,"column":20}},"102":{"start":{"line":372,"column":6},"end":{"line":377,"column":7}},"103":{"start":{"line":373,"column":26},"end":{"line":373,"column":51}},"104":{"start":{"line":374,"column":8},"end":{"line":376,"column":10}},"105":{"start":{"line":378,"column":6},"end":{"line":378,"column":47}},"106":{"start":{"line":379,"column":6},"end":{"line":379,"column":52}},"107":{"start":{"line":387,"column":4},"end":{"line":399,"column":5}},"108":{"start":{"line":388,"column":24},"end":{"line":388,"column":43}},"109":{"start":{"line":389,"column":21},"end":{"line":389,"column":68}},"110":{"start":{"line":390,"column":26},"end":{"line":394,"column":null}},"111":{"start":{"line":393,"column":20},"end":{"line":393,"column":73}},"112":{"start":{"line":396,"column":6},"end":{"line":396,"column":37}},"113":{"start":{"line":398,"column":6},"end":{"line":398,"column":18}},"114":{"start":{"line":412,"column":4},"end":{"line":412,"column":59}},"115":{"start":{"line":415,"column":25},"end":{"line":417,"column":6}},"116":{"start":{"line":419,"column":4},"end":{"line":421,"column":5}},"117":{"start":{"line":420,"column":6},"end":{"line":420,"column":73}},"118":{"start":{"line":424,"column":23},"end":{"line":424,"column":57}},"119":{"start":{"line":425,"column":4},"end":{"line":427,"column":5}},"120":{"start":{"line":426,"column":6},"end":{"line":426,"column":82}},"121":{"start":{"line":430,"column":27},"end":{"line":436,"column":6}},"122":{"start":{"line":438,"column":4},"end":{"line":440,"column":5}},"123":{"start":{"line":439,"column":6},"end":{"line":439,"column":73}},"124":{"start":{"line":443,"column":4},"end":{"line":443,"column":70}},"125":{"start":{"line":446,"column":17},"end":{"line":455,"column":6}},"126":{"start":{"line":457,"column":4},"end":{"line":457,"column":66}},"127":{"start":{"line":458,"column":4},"end":{"line":458,"column":16}},"128":{"start":{"line":465,"column":4},"end":{"line":485,"column":5}},"129":{"start":{"line":466,"column":23},"end":{"line":478,"column":null}},"130":{"start":{"line":481,"column":6},"end":{"line":481,"column":40}},"131":{"start":{"line":483,"column":6},"end":{"line":483,"column":61}},"132":{"start":{"line":484,"column":6},"end":{"line":484,"column":18}},"133":{"start":{"line":501,"column":4},"end":{"line":566,"column":5}},"134":{"start":{"line":502,"column":23},"end":{"line":525,"column":null}},"135":{"start":{"line":524,"column":32},"end":{"line":524,"column":36}},"136":{"start":{"line":528,"column":6},"end":{"line":530,"column":7}},"137":{"start":{"line":529,"column":8},"end":{"line":529,"column":71}},"138":{"start":{"line":532,"column":6},"end":{"line":535,"column":7}},"139":{"start":{"line":533,"column":8},"end":{"line":533,"column":79}},"140":{"start":{"line":534,"column":8},"end":{"line":534,"column":20}},"141":{"start":{"line":538,"column":23},"end":{"line":538,"column":48}},"142":{"start":{"line":539,"column":6},"end":{"line":542,"column":7}},"143":{"start":{"line":540,"column":23},"end":{"line":540,"column":48}},"144":{"start":{"line":541,"column":8},"end":{"line":541,"column":30}},"145":{"start":{"line":545,"column":29},"end":{"line":552,"column":null}},"146":{"start":{"line":555,"column":6},"end":{"line":557,"column":7}},"147":{"start":{"line":556,"column":8},"end":{"line":556,"column":41}},"148":{"start":{"line":559,"column":6},"end":{"line":559,"column":18}},"149":{"start":{"line":561,"column":6},"end":{"line":563,"column":7}},"150":{"start":{"line":562,"column":8},"end":{"line":562,"column":20}},"151":{"start":{"line":564,"column":6},"end":{"line":564,"column":67}},"152":{"start":{"line":565,"column":6},"end":{"line":565,"column":18}},"153":{"start":{"line":577,"column":4},"end":{"line":613,"column":5}},"154":{"start":{"line":579,"column":27},"end":{"line":586,"column":null}},"155":{"start":{"line":585,"column":32},"end":{"line":585,"column":36}},"156":{"start":{"line":589,"column":6},"end":{"line":592,"column":7}},"157":{"start":{"line":590,"column":8},"end":{"line":590,"column":81}},"158":{"start":{"line":591,"column":8},"end":{"line":591,"column":21}},"159":{"start":{"line":594,"column":19},"end":{"line":594,"column":36}},"160":{"start":{"line":597,"column":29},"end":{"line":606,"column":null}},"161":{"start":{"line":605,"column":32},"end":{"line":605,"column":36}},"162":{"start":{"line":609,"column":6},"end":{"line":609,"column":41}},"163":{"start":{"line":611,"column":6},"end":{"line":611,"column":64}},"164":{"start":{"line":612,"column":6},"end":{"line":612,"column":19}},"165":{"start":{"line":14,"column":13},"end":{"line":14,"column":24}},"166":{"start":{"line":14,"column":13},"end":{"line":615,"column":null}}},"fnMap":{"0":{"name":"(anonymous_2)","decl":{"start":{"line":21,"column":2},"end":{"line":21,"column":null}},"loc":{"start":{"line":23,"column":49},"end":{"line":30,"column":3}}},"1":{"name":"(anonymous_3)","decl":{"start":{"line":35,"column":2},"end":{"line":35,"column":7}},"loc":{"start":{"line":35,"column":33},"end":{"line":65,"column":3}}},"2":{"name":"(anonymous_4)","decl":{"start":{"line":70,"column":2},"end":{"line":70,"column":7}},"loc":{"start":{"line":84,"column":5},"end":{"line":148,"column":3}}},"3":{"name":"(anonymous_5)","decl":{"start":{"line":153,"column":2},"end":{"line":153,"column":7}},"loc":{"start":{"line":153,"column":83},"end":{"line":246,"column":3}}},"4":{"name":"(anonymous_6)","decl":{"start":{"line":252,"column":2},"end":{"line":252,"column":7}},"loc":{"start":{"line":258,"column":3},"end":{"line":299,"column":3}}},"5":{"name":"(anonymous_7)","decl":{"start":{"line":304,"column":2},"end":{"line":304,"column":7}},"loc":{"start":{"line":304,"column":33},"end":{"line":308,"column":3}}},"6":{"name":"(anonymous_8)","decl":{"start":{"line":313,"column":2},"end":{"line":313,"column":7}},"loc":{"start":{"line":313,"column":43},"end":{"line":317,"column":3}}},"7":{"name":"(anonymous_9)","decl":{"start":{"line":322,"column":2},"end":{"line":322,"column":7}},"loc":{"start":{"line":322,"column":52},"end":{"line":381,"column":3}}},"8":{"name":"(anonymous_10)","decl":{"start":{"line":386,"column":10},"end":{"line":386,"column":18}},"loc":{"start":{"line":386,"column":32},"end":{"line":400,"column":3}}},"9":{"name":"(anonymous_11)","decl":{"start":{"line":393,"column":15},"end":{"line":393,"column":16}},"loc":{"start":{"line":393,"column":20},"end":{"line":393,"column":73}}},"10":{"name":"(anonymous_12)","decl":{"start":{"line":405,"column":2},"end":{"line":405,"column":7}},"loc":{"start":{"line":411,"column":3},"end":{"line":459,"column":3}}},"11":{"name":"(anonymous_13)","decl":{"start":{"line":464,"column":10},"end":{"line":464,"column":15}},"loc":{"start":{"line":464,"column":37},"end":{"line":486,"column":3}}},"12":{"name":"(anonymous_14)","decl":{"start":{"line":491,"column":10},"end":{"line":491,"column":15}},"loc":{"start":{"line":499,"column":5},"end":{"line":567,"column":3}}},"13":{"name":"(anonymous_15)","decl":{"start":{"line":524,"column":26},"end":{"line":524,"column":29}},"loc":{"start":{"line":524,"column":32},"end":{"line":524,"column":36}}},"14":{"name":"(anonymous_16)","decl":{"start":{"line":572,"column":10},"end":{"line":572,"column":15}},"loc":{"start":{"line":575,"column":20},"end":{"line":614,"column":3}}},"15":{"name":"(anonymous_17)","decl":{"start":{"line":585,"column":26},"end":{"line":585,"column":29}},"loc":{"start":{"line":585,"column":32},"end":{"line":585,"column":36}}},"16":{"name":"(anonymous_18)","decl":{"start":{"line":605,"column":26},"end":{"line":605,"column":29}},"loc":{"start":{"line":605,"column":32},"end":{"line":605,"column":36}}}},"branchMap":{"0":{"loc":{"start":{"line":25,"column":23},"end":{"line":25,"column":96}},"type":"binary-expr","locations":[{"start":{"line":25,"column":23},"end":{"line":25,"column":69}},{"start":{"line":25,"column":73},"end":{"line":25,"column":96}}]},"1":{"loc":{"start":{"line":26,"column":25},"end":{"line":26,"column":91}},"type":"binary-expr","locations":[{"start":{"line":26,"column":25},"end":{"line":26,"column":73}},{"start":{"line":26,"column":77},"end":{"line":26,"column":91}}]},"2":{"loc":{"start":{"line":27,"column":29},"end":{"line":27,"column":93}},"type":"binary-expr","locations":[{"start":{"line":27,"column":29},"end":{"line":27,"column":82}},{"start":{"line":27,"column":86},"end":{"line":27,"column":93}}]},"3":{"loc":{"start":{"line":29,"column":6},"end":{"line":29,"column":74}},"type":"binary-expr","locations":[{"start":{"line":29,"column":6},"end":{"line":29,"column":63}},{"start":{"line":29,"column":67},"end":{"line":29,"column":74}}]},"4":{"loc":{"start":{"line":58,"column":4},"end":{"line":62,"column":5}},"type":"if","locations":[{"start":{"line":58,"column":4},"end":{"line":62,"column":5}}]},"5":{"loc":{"start":{"line":89,"column":4},"end":{"line":91,"column":5}},"type":"if","locations":[{"start":{"line":89,"column":4},"end":{"line":91,"column":5}}]},"6":{"loc":{"start":{"line":92,"column":4},"end":{"line":94,"column":5}},"type":"if","locations":[{"start":{"line":92,"column":4},"end":{"line":94,"column":5}}]},"7":{"loc":{"start":{"line":95,"column":4},"end":{"line":97,"column":5}},"type":"if","locations":[{"start":{"line":95,"column":4},"end":{"line":97,"column":5}}]},"8":{"loc":{"start":{"line":98,"column":4},"end":{"line":100,"column":5}},"type":"if","locations":[{"start":{"line":98,"column":4},"end":{"line":100,"column":5}}]},"9":{"loc":{"start":{"line":101,"column":4},"end":{"line":103,"column":5}},"type":"if","locations":[{"start":{"line":101,"column":4},"end":{"line":103,"column":5}}]},"10":{"loc":{"start":{"line":104,"column":4},"end":{"line":106,"column":5}},"type":"if","locations":[{"start":{"line":104,"column":4},"end":{"line":106,"column":5}}]},"11":{"loc":{"start":{"line":107,"column":4},"end":{"line":109,"column":5}},"type":"if","locations":[{"start":{"line":107,"column":4},"end":{"line":109,"column":5}}]},"12":{"loc":{"start":{"line":110,"column":4},"end":{"line":112,"column":5}},"type":"if","locations":[{"start":{"line":110,"column":4},"end":{"line":112,"column":5}}]},"13":{"loc":{"start":{"line":113,"column":4},"end":{"line":115,"column":5}},"type":"if","locations":[{"start":{"line":113,"column":4},"end":{"line":115,"column":5}}]},"14":{"loc":{"start":{"line":116,"column":4},"end":{"line":118,"column":5}},"type":"if","locations":[{"start":{"line":116,"column":4},"end":{"line":118,"column":5}}]},"15":{"loc":{"start":{"line":119,"column":4},"end":{"line":121,"column":5}},"type":"if","locations":[{"start":{"line":119,"column":4},"end":{"line":121,"column":5}}]},"16":{"loc":{"start":{"line":157,"column":6},"end":{"line":157,"column":80}},"type":"binary-expr","locations":[{"start":{"line":157,"column":6},"end":{"line":157,"column":58}},{"start":{"line":157,"column":62},"end":{"line":157,"column":80}}]},"17":{"loc":{"start":{"line":160,"column":4},"end":{"line":162,"column":5}},"type":"if","locations":[{"start":{"line":160,"column":4},"end":{"line":162,"column":5}}]},"18":{"loc":{"start":{"line":170,"column":4},"end":{"line":172,"column":5}},"type":"if","locations":[{"start":{"line":170,"column":4},"end":{"line":172,"column":5}}]},"19":{"loc":{"start":{"line":193,"column":6},"end":{"line":195,"column":7}},"type":"if","locations":[{"start":{"line":193,"column":6},"end":{"line":195,"column":7}}]},"20":{"loc":{"start":{"line":193,"column":10},"end":{"line":193,"column":69}},"type":"binary-expr","locations":[{"start":{"line":193,"column":10},"end":{"line":193,"column":35}},{"start":{"line":193,"column":39},"end":{"line":193,"column":69}}]},"21":{"loc":{"start":{"line":203,"column":4},"end":{"line":205,"column":5}},"type":"if","locations":[{"start":{"line":203,"column":4},"end":{"line":205,"column":5}}]},"22":{"loc":{"start":{"line":228,"column":6},"end":{"line":243,"column":7}},"type":"if","locations":[{"start":{"line":228,"column":6},"end":{"line":243,"column":7}}]},"23":{"loc":{"start":{"line":231,"column":10},"end":{"line":231,"column":47}},"type":"binary-expr","locations":[{"start":{"line":231,"column":10},"end":{"line":231,"column":30}},{"start":{"line":231,"column":34},"end":{"line":231,"column":47}}]},"24":{"loc":{"start":{"line":233,"column":8},"end":{"line":235,"column":9}},"type":"if","locations":[{"start":{"line":233,"column":8},"end":{"line":235,"column":9}}]},"25":{"loc":{"start":{"line":236,"column":8},"end":{"line":238,"column":9}},"type":"if","locations":[{"start":{"line":236,"column":8},"end":{"line":238,"column":9}}]},"26":{"loc":{"start":{"line":239,"column":8},"end":{"line":241,"column":9}},"type":"if","locations":[{"start":{"line":239,"column":8},"end":{"line":241,"column":9}}]},"27":{"loc":{"start":{"line":263,"column":4},"end":{"line":269,"column":5}},"type":"if","locations":[{"start":{"line":263,"column":4},"end":{"line":269,"column":5}},{"start":{"line":265,"column":11},"end":{"line":269,"column":5}}]},"28":{"loc":{"start":{"line":265,"column":11},"end":{"line":269,"column":5}},"type":"if","locations":[{"start":{"line":265,"column":11},"end":{"line":269,"column":5}},{"start":{"line":267,"column":11},"end":{"line":269,"column":5}}]},"29":{"loc":{"start":{"line":267,"column":11},"end":{"line":269,"column":5}},"type":"if","locations":[{"start":{"line":267,"column":11},"end":{"line":269,"column":5}}]},"30":{"loc":{"start":{"line":276,"column":4},"end":{"line":286,"column":5}},"type":"if","locations":[{"start":{"line":276,"column":4},"end":{"line":286,"column":5}}]},"31":{"loc":{"start":{"line":325,"column":8},"end":{"line":325,"column":82}},"type":"binary-expr","locations":[{"start":{"line":325,"column":8},"end":{"line":325,"column":60}},{"start":{"line":325,"column":64},"end":{"line":325,"column":82}}]},"32":{"loc":{"start":{"line":328,"column":6},"end":{"line":330,"column":7}},"type":"if","locations":[{"start":{"line":328,"column":6},"end":{"line":330,"column":7}}]},"33":{"loc":{"start":{"line":352,"column":6},"end":{"line":360,"column":7}},"type":"if","locations":[{"start":{"line":352,"column":6},"end":{"line":360,"column":7}}]},"34":{"loc":{"start":{"line":355,"column":17},"end":{"line":355,"column":70}},"type":"binary-expr","locations":[{"start":{"line":355,"column":17},"end":{"line":355,"column":35}},{"start":{"line":355,"column":39},"end":{"line":355,"column":70}}]},"35":{"loc":{"start":{"line":358,"column":17},"end":{"line":358,"column":55}},"type":"binary-expr","locations":[{"start":{"line":358,"column":17},"end":{"line":358,"column":49}},{"start":{"line":358,"column":53},"end":{"line":358,"column":55}}]},"36":{"loc":{"start":{"line":369,"column":6},"end":{"line":371,"column":7}},"type":"if","locations":[{"start":{"line":369,"column":6},"end":{"line":371,"column":7}}]},"37":{"loc":{"start":{"line":372,"column":6},"end":{"line":377,"column":7}},"type":"if","locations":[{"start":{"line":372,"column":6},"end":{"line":377,"column":7}}]},"38":{"loc":{"start":{"line":372,"column":10},"end":{"line":372,"column":53}},"type":"binary-expr","locations":[{"start":{"line":372,"column":10},"end":{"line":372,"column":35}},{"start":{"line":372,"column":39},"end":{"line":372,"column":53}}]},"39":{"loc":{"start":{"line":373,"column":26},"end":{"line":373,"column":51}},"type":"binary-expr","locations":[{"start":{"line":373,"column":26},"end":{"line":373,"column":45}},{"start":{"line":373,"column":49},"end":{"line":373,"column":51}}]},"40":{"loc":{"start":{"line":375,"column":10},"end":{"line":375,"column":81}},"type":"binary-expr","locations":[{"start":{"line":375,"column":10},"end":{"line":375,"column":37}},{"start":{"line":375,"column":41},"end":{"line":375,"column":56}},{"start":{"line":375,"column":60},"end":{"line":375,"column":81}}]},"41":{"loc":{"start":{"line":419,"column":4},"end":{"line":421,"column":5}},"type":"if","locations":[{"start":{"line":419,"column":4},"end":{"line":421,"column":5}}]},"42":{"loc":{"start":{"line":425,"column":4},"end":{"line":427,"column":5}},"type":"if","locations":[{"start":{"line":425,"column":4},"end":{"line":427,"column":5}}]},"43":{"loc":{"start":{"line":432,"column":16},"end":{"line":432,"column":43}},"type":"binary-expr","locations":[{"start":{"line":432,"column":16},"end":{"line":432,"column":29}},{"start":{"line":432,"column":33},"end":{"line":432,"column":43}}]},"44":{"loc":{"start":{"line":438,"column":4},"end":{"line":440,"column":5}},"type":"if","locations":[{"start":{"line":438,"column":4},"end":{"line":440,"column":5}}]},"45":{"loc":{"start":{"line":528,"column":6},"end":{"line":530,"column":7}},"type":"if","locations":[{"start":{"line":528,"column":6},"end":{"line":530,"column":7}}]},"46":{"loc":{"start":{"line":532,"column":6},"end":{"line":535,"column":7}},"type":"if","locations":[{"start":{"line":532,"column":6},"end":{"line":535,"column":7}}]},"47":{"loc":{"start":{"line":539,"column":6},"end":{"line":542,"column":7}},"type":"if","locations":[{"start":{"line":539,"column":6},"end":{"line":542,"column":7}}]},"48":{"loc":{"start":{"line":541,"column":15},"end":{"line":541,"column":29}},"type":"binary-expr","locations":[{"start":{"line":541,"column":15},"end":{"line":541,"column":21}},{"start":{"line":541,"column":25},"end":{"line":541,"column":29}}]},"49":{"loc":{"start":{"line":555,"column":6},"end":{"line":557,"column":7}},"type":"if","locations":[{"start":{"line":555,"column":6},"end":{"line":557,"column":7}}]},"50":{"loc":{"start":{"line":555,"column":10},"end":{"line":555,"column":63}},"type":"binary-expr","locations":[{"start":{"line":555,"column":10},"end":{"line":555,"column":29}},{"start":{"line":555,"column":33},"end":{"line":555,"column":63}}]},"51":{"loc":{"start":{"line":561,"column":6},"end":{"line":563,"column":7}},"type":"if","locations":[{"start":{"line":561,"column":6},"end":{"line":563,"column":7}}]},"52":{"loc":{"start":{"line":589,"column":6},"end":{"line":592,"column":7}},"type":"if","locations":[{"start":{"line":589,"column":6},"end":{"line":592,"column":7}}]}},"s":{"0":0,"1":0,"2":0,"3":0,"4":0,"5":0,"6":0,"7":0,"8":0,"9":0,"10":0,"11":0,"12":0,"13":0,"14":0,"15":0,"16":0,"17":0,"18":0,"19":0,"20":0,"21":0,"22":0,"23":0,"24":0,"25":0,"26":0,"27":0,"28":0,"29":0,"30":0,"31":0,"32":0,"33":0,"34":0,"35":0,"36":0,"37":0,"38":0,"39":0,"40":0,"41":0,"42":0,"43":0,"44":0,"45":0,"46":0,"47":0,"48":0,"49":0,"50":0,"51":0,"52":0,"53":0,"54":0,"55":0,"56":0,"57":0,"58":0,"59":0,"60":0,"61":0,"62":0,"63":0,"64":0,"65":0,"66":0,"67":0,"68":0,"69":0,"70":0,"71":0,"72":0,"73":0,"74":0,"75":0,"76":0,"77":0,"78":0,"79":0,"80":0,"81":0,"82":0,"83":0,"84":0,"85":0,"86":0,"87":0,"88":0,"89":0,"90":0,"91":0,"92":0,"93":0,"94":0,"95":0,"96":0,"97":0,"98":0,"99":0,"100":0,"101":0,"102":0,"103":0,"104":0,"105":0,"106":0,"107":0,"108":0,"109":0,"110":0,"111":0,"112":0,"113":0,"114":0,"115":0,"116":0,"117":0,"118":0,"119":0,"120":0,"121":0,"122":0,"123":0,"124":0,"125":0,"126":0,"127":0,"128":0,"129":0,"130":0,"131":0,"132":0,"133":0,"134":0,"135":0,"136":0,"137":0,"138":0,"139":0,"140":0,"141":0,"142":0,"143":0,"144":0,"145":0,"146":0,"147":0,"148":0,"149":0,"150":0,"151":0,"152":0,"153":0,"154":0,"155":0,"156":0,"157":0,"158":0,"159":0,"160":0,"161":0,"162":0,"163":0,"164":0,"165":0,"166":0},"f":{"0":0,"1":0,"2":0,"3":0,"4":0,"5":0,"6":0,"7":0,"8":0,"9":0,"10":0,"11":0,"12":0,"13":0,"14":0,"15":0,"16":0},"b":{"0":[0,0],"1":[0,0],"2":[0,0],"3":[0,0],"4":[0],"5":[0],"6":[0],"7":[0],"8":[0],"9":[0],"10":[0],"11":[0],"12":[0],"13":[0],"14":[0],"15":[0],"16":[0,0],"17":[0],"18":[0],"19":[0],"20":[0,0],"21":[0],"22":[0],"23":[0,0],"24":[0],"25":[0],"26":[0],"27":[0,0],"28":[0,0],"29":[0],"30":[0],"31":[0,0],"32":[0],"33":[0],"34":[0,0],"35":[0,0],"36":[0],"37":[0],"38":[0,0],"39":[0,0],"40":[0,0,0],"41":[0],"42":[0],"43":[0,0],"44":[0],"45":[0],"46":[0],"47":[0],"48":[0,0],"49":[0],"50":[0,0],"51":[0],"52":[0]}}
,"/Users/ulrichsturm/Library/Mobile Documents/com~apple~CloudDocs/MM/apps/server/src/auth/debug-role.guard.ts": {"path":"/Users/ulrichsturm/Library/Mobile Documents/com~apple~CloudDocs/MM/apps/server/src/auth/debug-role.guard.ts","statementMap":{"0":{"start":{"line":1,"column":0},"end":{"line":1,"column":83}},"1":{"start":{"line":2,"column":0},"end":{"line":2,"column":41}},"2":{"start":{"line":5,"column":27},"end":{"line":43,"column":null}},"3":{"start":{"line":8,"column":31},"end":{"line":8,"column":42}},"4":{"start":{"line":6,"column":19},"end":{"line":6,"column":60}},"5":{"start":{"line":11,"column":22},"end":{"line":11,"column":78}},"6":{"start":{"line":13,"column":4},"end":{"line":16,"column":5}},"7":{"start":{"line":14,"column":6},"end":{"line":14,"column":77}},"8":{"start":{"line":15,"column":6},"end":{"line":15,"column":18}},"9":{"start":{"line":18,"column":18},"end":{"line":18,"column":33}},"10":{"start":{"line":20,"column":20},"end":{"line":20,"column":55}},"11":{"start":{"line":21,"column":17},"end":{"line":21,"column":29}},"12":{"start":{"line":23,"column":4},"end":{"line":23,"column":81}},"13":{"start":{"line":24,"column":4},"end":{"line":26,"column":6}},"14":{"start":{"line":27,"column":4},"end":{"line":27,"column":97}},"15":{"start":{"line":28,"column":4},"end":{"line":30,"column":6}},"16":{"start":{"line":32,"column":4},"end":{"line":35,"column":5}},"17":{"start":{"line":33,"column":6},"end":{"line":33,"column":73}},"18":{"start":{"line":34,"column":6},"end":{"line":34,"column":19}},"19":{"start":{"line":37,"column":22},"end":{"line":37,"column":45}},"20":{"start":{"line":38,"column":20},"end":{"line":38,"column":64}},"21":{"start":{"line":38,"column":39},"end":{"line":38,"column":63}},"22":{"start":{"line":40,"column":4},"end":{"line":40,"column":65}},"23":{"start":{"line":41,"column":4},"end":{"line":41,"column":19}},"24":{"start":{"line":5,"column":13},"end":{"line":5,"column":27}},"25":{"start":{"line":5,"column":13},"end":{"line":43,"column":null}}},"fnMap":{"0":{"name":"(anonymous_2)","decl":{"start":{"line":8,"column":2},"end":{"line":8,"column":31}},"loc":{"start":{"line":8,"column":51},"end":{"line":8,"column":55}}},"1":{"name":"(anonymous_3)","decl":{"start":{"line":10,"column":2},"end":{"line":10,"column":13}},"loc":{"start":{"line":10,"column":39},"end":{"line":42,"column":3}}},"2":{"name":"(anonymous_4)","decl":{"start":{"line":38,"column":31},"end":{"line":38,"column":35}},"loc":{"start":{"line":38,"column":39},"end":{"line":38,"column":63}}}},"branchMap":{"0":{"loc":{"start":{"line":13,"column":4},"end":{"line":16,"column":5}},"type":"if","locations":[{"start":{"line":13,"column":4},"end":{"line":16,"column":5}}]},"1":{"loc":{"start":{"line":13,"column":8},"end":{"line":13,"column":38}},"type":"binary-expr","locations":[{"start":{"line":13,"column":8},"end":{"line":13,"column":18}},{"start":{"line":13,"column":22},"end":{"line":13,"column":38}}]},"2":{"loc":{"start":{"line":32,"column":4},"end":{"line":35,"column":5}},"type":"if","locations":[{"start":{"line":32,"column":4},"end":{"line":35,"column":5}}]},"3":{"loc":{"start":{"line":32,"column":8},"end":{"line":32,"column":63}},"type":"binary-expr","locations":[{"start":{"line":32,"column":8},"end":{"line":32,"column":13}},{"start":{"line":32,"column":17},"end":{"line":32,"column":35}},{"start":{"line":32,"column":39},"end":{"line":32,"column":63}}]}},"s":{"0":0,"1":0,"2":0,"3":0,"4":0,"5":0,"6":0,"7":0,"8":0,"9":0,"10":0,"11":0,"12":0,"13":0,"14":0,"15":0,"16":0,"17":0,"18":0,"19":0,"20":0,"21":0,"22":0,"23":0,"24":0,"25":0},"f":{"0":0,"1":0,"2":0},"b":{"0":[0],"1":[0,0],"2":[0],"3":[0,0,0]}}
,"/Users/ulrichsturm/Library/Mobile Documents/com~apple~CloudDocs/MM/apps/server/src/auth/keycloak.config.ts": {"path":"/Users/ulrichsturm/Library/Mobile Documents/com~apple~CloudDocs/MM/apps/server/src/auth/keycloak.config.ts","statementMap":{"0":{"start":{"line":2,"column":0},"end":{"line":2,"column":103}},"1":{"start":{"line":4,"column":36},"end":{"line":29,"column":1}},"2":{"start":{"line":7,"column":2},"end":{"line":28,"column":4}},"3":{"start":{"line":4,"column":13},"end":{"line":4,"column":36}}},"fnMap":{"0":{"name":"(anonymous_0)","decl":{"start":{"line":4,"column":36},"end":{"line":4,"column":null}},"loc":{"start":{"line":6,"column":28},"end":{"line":29,"column":1}}}},"branchMap":{},"s":{"0":0,"1":0,"2":0,"3":0},"f":{"0":0},"b":{}}
,"/Users/ulrichsturm/Library/Mobile Documents/com~apple~CloudDocs/MM/apps/server/src/auth/dto/change-password.dto.ts": {"path":"/Users/ulrichsturm/Library/Mobile Documents/com~apple~CloudDocs/MM/apps/server/src/auth/dto/change-password.dto.ts","statementMap":{"0":{"start":{"line":1,"column":0},"end":{"line":1,"column":46}},"1":{"start":{"line":2,"column":0},"end":{"line":2,"column":54}},"2":{"start":{"line":4,"column":0},"end":{"line":4,"column":13}},"3":{"start":{"line":11,"column":2},"end":{"line":11,"column":null}},"4":{"start":{"line":20,"column":2},"end":{"line":20,"column":null}}},"fnMap":{},"branchMap":{},"s":{"0":0,"1":0,"2":0,"3":0,"4":0},"f":{},"b":{}}
,"/Users/ulrichsturm/Library/Mobile Documents/com~apple~CloudDocs/MM/apps/server/src/auth/dto/update-profile.dto.ts": {"path":"/Users/ulrichsturm/Library/Mobile Documents/com~apple~CloudDocs/MM/apps/server/src/auth/dto/update-profile.dto.ts","statementMap":{"0":{"start":{"line":1,"column":0},"end":{"line":1,"column":54}},"1":{"start":{"line":2,"column":0},"end":{"line":2,"column":55}},"2":{"start":{"line":4,"column":0},"end":{"line":4,"column":13}},"3":{"start":{"line":8,"column":2},"end":{"line":8,"column":null}},"4":{"start":{"line":13,"column":2},"end":{"line":13,"column":null}},"5":{"start":{"line":18,"column":2},"end":{"line":18,"column":null}},"6":{"start":{"line":24,"column":2},"end":{"line":24,"column":null}},"7":{"start":{"line":29,"column":2},"end":{"line":29,"column":null}},"8":{"start":{"line":34,"column":2},"end":{"line":34,"column":null}},"9":{"start":{"line":39,"column":2},"end":{"line":39,"column":null}},"10":{"start":{"line":45,"column":2},"end":{"line":45,"column":null}},"11":{"start":{"line":50,"column":2},"end":{"line":50,"column":null}},"12":{"start":{"line":55,"column":2},"end":{"line":55,"column":null}},"13":{"start":{"line":60,"column":2},"end":{"line":60,"column":null}}},"fnMap":{},"branchMap":{},"s":{"0":0,"1":0,"2":0,"3":0,"4":0,"5":0,"6":0,"7":0,"8":0,"9":0,"10":0,"11":0,"12":0,"13":0},"f":{},"b":{}}
,"/Users/ulrichsturm/Library/Mobile Documents/com~apple~CloudDocs/MM/apps/server/src/categories/categories.controller.ts": {"path":"/Users/ulrichsturm/Library/Mobile Documents/com~apple~CloudDocs/MM/apps/server/src/categories/categories.controller.ts","statementMap":{"0":{"start":{"line":1,"column":0},"end":{"line":1,"column":null}},"1":{"start":{"line":14,"column":0},"end":{"line":14,"column":null}},"2":{"start":{"line":22,"column":0},"end":{"line":22,"column":77}},"3":{"start":{"line":23,"column":0},"end":{"line":23,"column":57}},"4":{"start":{"line":24,"column":0},"end":{"line":24,"column":62}},"5":{"start":{"line":25,"column":0},"end":{"line":25,"column":62}},"6":{"start":{"line":26,"column":0},"end":{"line":26,"column":91}},"7":{"start":{"line":31,"column":7},"end":{"line":146,"column":null}},"8":{"start":{"line":32,"column":31},"end":{"line":32,"column":50}},"9":{"start":{"line":56,"column":4},"end":{"line":56,"column":70}},"10":{"start":{"line":71,"column":4},"end":{"line":71,"column":51}},"11":{"start":{"line":86,"column":4},"end":{"line":86,"column":46}},"12":{"start":{"line":105,"column":4},"end":{"line":105,"column":60}},"13":{"start":{"line":125,"column":4},"end":{"line":125,"column":64}},"14":{"start":{"line":144,"column":4},"end":{"line":144,"column":45}},"15":{"start":{"line":31,"column":13},"end":{"line":31,"column":33}},"16":{"start":{"line":53,"column":8},"end":{"line":57,"column":null}},"17":{"start":{"line":70,"column":8},"end":{"line":72,"column":null}},"18":{"start":{"line":85,"column":8},"end":{"line":87,"column":null}},"19":{"start":{"line":104,"column":8},"end":{"line":106,"column":null}},"20":{"start":{"line":121,"column":8},"end":{"line":126,"column":null}},"21":{"start":{"line":143,"column":8},"end":{"line":145,"column":null}},"22":{"start":{"line":31,"column":13},"end":{"line":146,"column":null}}},"fnMap":{"0":{"name":"(anonymous_4)","decl":{"start":{"line":32,"column":2},"end":{"line":32,"column":31}},"loc":{"start":{"line":32,"column":67},"end":{"line":32,"column":71}}},"1":{"name":"(anonymous_5)","decl":{"start":{"line":53,"column":2},"end":{"line":53,"column":7}},"loc":{"start":{"line":54,"column":54},"end":{"line":57,"column":3}}},"2":{"name":"(anonymous_6)","decl":{"start":{"line":70,"column":2},"end":{"line":70,"column":7}},"loc":{"start":{"line":70,"column":46},"end":{"line":72,"column":3}}},"3":{"name":"(anonymous_7)","decl":{"start":{"line":85,"column":2},"end":{"line":85,"column":7}},"loc":{"start":{"line":85,"column":54},"end":{"line":87,"column":3}}},"4":{"name":"(anonymous_8)","decl":{"start":{"line":104,"column":2},"end":{"line":104,"column":7}},"loc":{"start":{"line":104,"column":59},"end":{"line":106,"column":3}}},"5":{"name":"(anonymous_9)","decl":{"start":{"line":121,"column":2},"end":{"line":121,"column":7}},"loc":{"start":{"line":123,"column":48},"end":{"line":126,"column":3}}},"6":{"name":"(anonymous_10)","decl":{"start":{"line":143,"column":2},"end":{"line":143,"column":7}},"loc":{"start":{"line":143,"column":53},"end":{"line":145,"column":3}}}},"branchMap":{},"s":{"0":0,"1":0,"2":0,"3":0,"4":0,"5":0,"6":0,"7":0,"8":0,"9":0,"10":0,"11":0,"12":0,"13":0,"14":0,"15":0,"16":0,"17":0,"18":0,"19":0,"20":0,"21":0,"22":0},"f":{"0":0,"1":0,"2":0,"3":0,"4":0,"5":0,"6":0},"b":{}}
,"/Users/ulrichsturm/Library/Mobile Documents/com~apple~CloudDocs/MM/apps/server/src/categories/categories.module.ts": {"path":"/Users/ulrichsturm/Library/Mobile Documents/com~apple~CloudDocs/MM/apps/server/src/categories/categories.module.ts","statementMap":{"0":{"start":{"line":1,"column":0},"end":{"line":1,"column":40}},"1":{"start":{"line":2,"column":0},"end":{"line":2,"column":63}},"2":{"start":{"line":3,"column":0},"end":{"line":3,"column":57}},"3":{"start":{"line":4,"column":0},"end":{"line":4,"column":55}},"4":{"start":{"line":12,"column":7},"end":{"line":12,"column":null}},"5":{"start":{"line":12,"column":13},"end":{"line":12,"column":29}},"6":{"start":{"line":12,"column":13},"end":{"line":12,"column":null}}},"fnMap":{},"branchMap":{},"s":{"0":0,"1":0,"2":0,"3":0,"4":0,"5":0,"6":0},"f":{},"b":{}}
,"/Users/ulrichsturm/Library/Mobile Documents/com~apple~CloudDocs/MM/apps/server/src/categories/categories.service.ts": {"path":"/Users/ulrichsturm/Library/Mobile Documents/com~apple~CloudDocs/MM/apps/server/src/categories/categories.service.ts","statementMap":{"0":{"start":{"line":1,"column":0},"end":{"line":1,"column":null}},"1":{"start":{"line":8,"column":0},"end":{"line":8,"column":57}},"2":{"start":{"line":13,"column":30},"end":{"line":225,"column":null}},"3":{"start":{"line":16,"column":31},"end":{"line":16,"column":39}},"4":{"start":{"line":14,"column":19},"end":{"line":14,"column":63}},"5":{"start":{"line":22,"column":4},"end":{"line":22,"column":54}},"6":{"start":{"line":25,"column":21},"end":{"line":29,"column":6}},"7":{"start":{"line":31,"column":4},"end":{"line":37,"column":5}},"8":{"start":{"line":32,"column":6},"end":{"line":36,"column":8}},"9":{"start":{"line":39,"column":21},"end":{"line":53,"column":6}},"10":{"start":{"line":55,"column":4},"end":{"line":55,"column":55}},"11":{"start":{"line":56,"column":4},"end":{"line":56,"column":49}},"12":{"start":{"line":63,"column":18},"end":{"line":63,"column":59}},"13":{"start":{"line":65,"column":23},"end":{"line":73,"column":6}},"14":{"start":{"line":75,"column":4},"end":{"line":78,"column":6}},"15":{"start":{"line":76,"column":39},"end":{"line":76,"column":76}},"16":{"start":{"line":85,"column":21},"end":{"line":92,"column":6}},"17":{"start":{"line":94,"column":4},"end":{"line":96,"column":5}},"18":{"start":{"line":95,"column":6},"end":{"line":95,"column":62}},"19":{"start":{"line":98,"column":4},"end":{"line":98,"column":49}},"20":{"start":{"line":105,"column":21},"end":{"line":112,"column":6}},"21":{"start":{"line":114,"column":4},"end":{"line":116,"column":5}},"22":{"start":{"line":115,"column":6},"end":{"line":115,"column":76}},"23":{"start":{"line":118,"column":4},"end":{"line":118,"column":49}},"24":{"start":{"line":125,"column":21},"end":{"line":127,"column":6}},"25":{"start":{"line":129,"column":4},"end":{"line":131,"column":5}},"26":{"start":{"line":130,"column":6},"end":{"line":130,"column":62}},"27":{"start":{"line":134,"column":4},"end":{"line":152,"column":5}},"28":{"start":{"line":135,"column":23},"end":{"line":142,"column":8}},"29":{"start":{"line":139,"column":19},"end":{"line":139,"column":46}},"30":{"start":{"line":144,"column":6},"end":{"line":151,"column":7}},"31":{"start":{"line":145,"column":8},"end":{"line":147,"column":9}},"32":{"start":{"line":146,"column":10},"end":{"line":146,"column":80}},"33":{"start":{"line":148,"column":8},"end":{"line":150,"column":9}},"34":{"start":{"line":149,"column":10},"end":{"line":149,"column":80}},"35":{"start":{"line":154,"column":20},"end":{"line":169,"column":6}},"36":{"start":{"line":171,"column":4},"end":{"line":171,"column":46}},"37":{"start":{"line":172,"column":4},"end":{"line":172,"column":48}},"38":{"start":{"line":179,"column":21},"end":{"line":186,"column":6}},"39":{"start":{"line":188,"column":4},"end":{"line":190,"column":5}},"40":{"start":{"line":189,"column":6},"end":{"line":189,"column":62}},"41":{"start":{"line":193,"column":4},"end":{"line":198,"column":5}},"42":{"start":{"line":194,"column":6},"end":{"line":197,"column":8}},"43":{"start":{"line":200,"column":4},"end":{"line":202,"column":7}},"44":{"start":{"line":204,"column":4},"end":{"line":204,"column":46}},"45":{"start":{"line":205,"column":4},"end":{"line":205,"column":56}},"46":{"start":{"line":212,"column":4},"end":{"line":223,"column":6}},"47":{"start":{"line":13,"column":13},"end":{"line":13,"column":30}},"48":{"start":{"line":13,"column":13},"end":{"line":225,"column":null}}},"fnMap":{"0":{"name":"(anonymous_2)","decl":{"start":{"line":16,"column":2},"end":{"line":16,"column":31}},"loc":{"start":{"line":16,"column":52},"end":{"line":16,"column":56}}},"1":{"name":"(anonymous_3)","decl":{"start":{"line":21,"column":2},"end":{"line":21,"column":7}},"loc":{"start":{"line":21,"column":37},"end":{"line":57,"column":3}}},"2":{"name":"(anonymous_4)","decl":{"start":{"line":62,"column":2},"end":{"line":62,"column":7}},"loc":{"start":{"line":62,"column":39},"end":{"line":79,"column":3}}},"3":{"name":"(anonymous_5)","decl":{"start":{"line":76,"column":27},"end":{"line":76,"column":35}},"loc":{"start":{"line":76,"column":39},"end":{"line":76,"column":76}}},"4":{"name":"(anonymous_6)","decl":{"start":{"line":84,"column":2},"end":{"line":84,"column":7}},"loc":{"start":{"line":84,"column":26},"end":{"line":99,"column":3}}},"5":{"name":"(anonymous_7)","decl":{"start":{"line":104,"column":2},"end":{"line":104,"column":7}},"loc":{"start":{"line":104,"column":31},"end":{"line":119,"column":3}}},"6":{"name":"(anonymous_8)","decl":{"start":{"line":124,"column":2},"end":{"line":124,"column":7}},"loc":{"start":{"line":124,"column":49},"end":{"line":173,"column":3}}},"7":{"name":"(anonymous_9)","decl":{"start":{"line":139,"column":12},"end":{"line":139,"column":15}},"loc":{"start":{"line":139,"column":19},"end":{"line":139,"column":46}}},"8":{"name":"(anonymous_10)","decl":{"start":{"line":178,"column":2},"end":{"line":178,"column":7}},"loc":{"start":{"line":178,"column":25},"end":{"line":206,"column":3}}},"9":{"name":"(anonymous_11)","decl":{"start":{"line":211,"column":10},"end":{"line":211,"column":32}},"loc":{"start":{"line":211,"column":46},"end":{"line":224,"column":3}}}},"branchMap":{"0":{"loc":{"start":{"line":31,"column":4},"end":{"line":37,"column":5}},"type":"if","locations":[{"start":{"line":31,"column":4},"end":{"line":37,"column":5}}]},"1":{"loc":{"start":{"line":33,"column":8},"end":{"line":35,"column":52}},"type":"cond-expr","locations":[{"start":{"line":34,"column":12},"end":{"line":34,"column":52}},{"start":{"line":35,"column":12},"end":{"line":35,"column":52}}]},"2":{"loc":{"start":{"line":45,"column":19},"end":{"line":45,"column":37}},"type":"binary-expr","locations":[{"start":{"line":45,"column":19},"end":{"line":45,"column":32}},{"start":{"line":45,"column":36},"end":{"line":45,"column":37}}]},"3":{"loc":{"start":{"line":46,"column":18},"end":{"line":46,"column":38}},"type":"binary-expr","locations":[{"start":{"line":46,"column":18},"end":{"line":46,"column":30}},{"start":{"line":46,"column":34},"end":{"line":46,"column":38}}]},"4":{"loc":{"start":{"line":62,"column":16},"end":{"line":62,"column":39}},"type":"default-arg","locations":[{"start":{"line":62,"column":34},"end":{"line":62,"column":39}}]},"5":{"loc":{"start":{"line":63,"column":18},"end":{"line":63,"column":59}},"type":"cond-expr","locations":[{"start":{"line":63,"column":36},"end":{"line":63,"column":38}},{"start":{"line":63,"column":41},"end":{"line":63,"column":59}}]},"6":{"loc":{"start":{"line":94,"column":4},"end":{"line":96,"column":5}},"type":"if","locations":[{"start":{"line":94,"column":4},"end":{"line":96,"column":5}}]},"7":{"loc":{"start":{"line":114,"column":4},"end":{"line":116,"column":5}},"type":"if","locations":[{"start":{"line":114,"column":4},"end":{"line":116,"column":5}}]},"8":{"loc":{"start":{"line":129,"column":4},"end":{"line":131,"column":5}},"type":"if","locations":[{"start":{"line":129,"column":4},"end":{"line":131,"column":5}}]},"9":{"loc":{"start":{"line":134,"column":4},"end":{"line":152,"column":5}},"type":"if","locations":[{"start":{"line":134,"column":4},"end":{"line":152,"column":5}}]},"10":{"loc":{"start":{"line":134,"column":8},"end":{"line":134,"column":28}},"type":"binary-expr","locations":[{"start":{"line":134,"column":8},"end":{"line":134,"column":16}},{"start":{"line":134,"column":20},"end":{"line":134,"column":28}}]},"11":{"loc":{"start":{"line":138,"column":15},"end":{"line":138,"column":49}},"type":"cond-expr","locations":[{"start":{"line":138,"column":26},"end":{"line":138,"column":44}},{"start":{"line":138,"column":47},"end":{"line":138,"column":49}}]},"12":{"loc":{"start":{"line":138,"column":51},"end":{"line":138,"column":85}},"type":"cond-expr","locations":[{"start":{"line":138,"column":62},"end":{"line":138,"column":80}},{"start":{"line":138,"column":83},"end":{"line":138,"column":85}}]},"13":{"loc":{"start":{"line":144,"column":6},"end":{"line":151,"column":7}},"type":"if","locations":[{"start":{"line":144,"column":6},"end":{"line":151,"column":7}}]},"14":{"loc":{"start":{"line":145,"column":8},"end":{"line":147,"column":9}},"type":"if","locations":[{"start":{"line":145,"column":8},"end":{"line":147,"column":9}}]},"15":{"loc":{"start":{"line":145,"column":12},"end":{"line":145,"column":50}},"type":"binary-expr","locations":[{"start":{"line":145,"column":12},"end":{"line":145,"column":20}},{"start":{"line":145,"column":24},"end":{"line":145,"column":50}}]},"16":{"loc":{"start":{"line":148,"column":8},"end":{"line":150,"column":9}},"type":"if","locations":[{"start":{"line":148,"column":8},"end":{"line":150,"column":9}}]},"17":{"loc":{"start":{"line":148,"column":12},"end":{"line":148,"column":50}},"type":"binary-expr","locations":[{"start":{"line":148,"column":12},"end":{"line":148,"column":20}},{"start":{"line":148,"column":24},"end":{"line":148,"column":50}}]},"18":{"loc":{"start":{"line":188,"column":4},"end":{"line":190,"column":5}},"type":"if","locations":[{"start":{"line":188,"column":4},"end":{"line":190,"column":5}}]},"19":{"loc":{"start":{"line":193,"column":4},"end":{"line":198,"column":5}},"type":"if","locations":[{"start":{"line":193,"column":4},"end":{"line":198,"column":5}}]},"20":{"loc":{"start":{"line":220,"column":21},"end":{"line":220,"column":51}},"type":"binary-expr","locations":[{"start":{"line":220,"column":21},"end":{"line":220,"column":46}},{"start":{"line":220,"column":50},"end":{"line":220,"column":51}}]}},"s":{"0":1,"1":1,"2":1,"3":10,"4":10,"5":3,"6":3,"7":3,"8":2,"9":1,"10":1,"11":1,"12":2,"13":2,"14":2,"15":4,"16":2,"17":2,"18":1,"19":1,"20":0,"21":0,"22":0,"23":0,"24":2,"25":2,"26":1,"27":1,"28":1,"29":2,"30":1,"31":1,"32":0,"33":1,"34":0,"35":1,"36":1,"37":1,"38":0,"39":0,"40":0,"41":0,"42":0,"43":0,"44":0,"45":0,"46":7,"47":1,"48":1},"f":{"0":10,"1":3,"2":2,"3":4,"4":2,"5":0,"6":2,"7":2,"8":0,"9":7},"b":{"0":[2],"1":[1,1],"2":[1,1],"3":[1,0],"4":[1],"5":[1,1],"6":[1],"7":[0],"8":[1],"9":[1],"10":[1,0],"11":[1,0],"12":[0,1],"13":[1],"14":[0],"15":[1,1],"16":[0],"17":[1,0],"18":[0],"19":[0],"20":[7,3]}}
,"/Users/ulrichsturm/Library/Mobile Documents/com~apple~CloudDocs/MM/apps/server/src/categories/index.ts": {"path":"/Users/ulrichsturm/Library/Mobile Documents/com~apple~CloudDocs/MM/apps/server/src/categories/index.ts","statementMap":{"0":{"start":{"line":1,"column":0},"end":{"line":1,"column":36}},"1":{"start":{"line":2,"column":0},"end":{"line":2,"column":37}},"2":{"start":{"line":3,"column":0},"end":{"line":3,"column":40}},"3":{"start":{"line":4,"column":0},"end":{"line":4,"column":22}}},"fnMap":{},"branchMap":{},"s":{"0":0,"1":0,"2":0,"3":0},"f":{},"b":{}}
[...]
e":25,"column":2},"end":{"line":25,"column":31}},"loc":{"start":{"line":25,"column":59},"end":{"line":40,"column":3}}},"1":{"name":"(anonymous_3)","decl":{"start":{"line":45,"column":2},"end":{"line":45,"column":7}},"loc":{"start":{"line":45,"column":61},"end":{"line":66,"column":3}}},"2":{"name":"(anonymous_4)","decl":{"start":{"line":71,"column":2},"end":{"line":71,"column":7}},"loc":{"start":{"line":71,"column":48},"end":{"line":73,"column":3}}},"3":{"name":"(anonymous_5)","decl":{"start":{"line":78,"column":2},"end":{"line":78,"column":7}},"loc":{"start":{"line":78,"column":51},"end":{"line":87,"column":3}}},"4":{"name":"(anonymous_6)","decl":{"start":{"line":92,"column":2},"end":{"line":92,"column":7}},"loc":{"start":{"line":95,"column":45},"end":{"line":110,"column":3}}},"5":{"name":"(anonymous_7)","decl":{"start":{"line":115,"column":2},"end":{"line":115,"column":7}},"loc":{"start":{"line":115,"column":51},"end":{"line":128,"column":3}}},"6":{"name":"(anonymous_8)","decl":{"start":{"line":133,"column":2},"end":{"line":133,"column":7}},"loc":{"start":{"line":133,"column":63},"end":{"line":156,"column":3}}},"7":{"name":"(anonymous_9)","decl":{"start":{"line":161,"column":2},"end":{"line":161,"column":7}},"loc":{"start":{"line":164,"column":21},"end":{"line":179,"column":3}}},"8":{"name":"(anonymous_10)","decl":{"start":{"line":184,"column":2},"end":{"line":184,"column":7}},"loc":{"start":{"line":184,"column":43},"end":{"line":186,"column":3}}},"9":{"name":"(anonymous_11)","decl":{"start":{"line":191,"column":2},"end":{"line":191,"column":7}},"loc":{"start":{"line":194,"column":26},"end":{"line":210,"column":3}}},"10":{"name":"(anonymous_12)","decl":{"start":{"line":215,"column":2},"end":{"line":215,"column":23}},"loc":{"start":{"line":215,"column":58},"end":{"line":226,"column":3}}}},"branchMap":{"0":{"loc":{"start":{"line":28,"column":4},"end":{"line":37,"column":5}},"type":"if","locations":[{"start":{"line":28,"column":4},"end":{"line":37,"column":5}},{"start":{"line":32,"column":11},"end":{"line":37,"column":5}}]},"1":{"loc":{"start":{"line":39,"column":25},"end":{"line":39,"column":86}},"type":"binary-expr","locations":[{"start":{"line":39,"column":25},"end":{"line":39,"column":80}},{"start":{"line":39,"column":84},"end":{"line":39,"column":86}}]},"2":{"loc":{"start":{"line":46,"column":20},"end":{"line":46,"column":36}},"type":"default-arg","locations":[{"start":{"line":46,"column":31},"end":{"line":46,"column":36}}]},"3":{"loc":{"start":{"line":134,"column":33},"end":{"line":134,"column":47}},"type":"default-arg","locations":[{"start":{"line":134,"column":43},"end":{"line":134,"column":47}}]},"4":{"loc":{"start":{"line":216,"column":4},"end":{"line":218,"column":5}},"type":"if","locations":[{"start":{"line":216,"column":4},"end":{"line":218,"column":5}}]}},"s":{"0":1,"1":1,"2":1,"3":1,"4":0,"5":0,"6":0,"7":0,"8":0,"9":0,"10":0,"11":0,"12":0,"13":0,"14":0,"15":0,"16":0,"17":0,"18":0,"19":0,"20":0,"21":0,"22":0,"23":0,"24":0,"25":0,"26":0,"27":0,"28":0,"29":0,"30":0,"31":0,"32":0,"33":0,"34":0,"35":0,"36":0,"37":0,"38":0,"39":0,"40":0,"41":0,"42":0,"43":0,"44":0,"45":0,"46":0,"47":0,"48":0,"49":0,"50":0,"51":0,"52":0,"53":0,"54":0,"55":0,"56":0,"57":0,"58":0,"59":0,"60":0,"61":0,"62":0,"63":1,"64":1},"f":{"0":0,"1":0,"2":0,"3":0,"4":0,"5":0,"6":0,"7":0,"8":0,"9":0,"10":0},"b":{"0":[0,0],"1":[0,0],"2":[0],"3":[0],"4":[0]}}
,"/Users/ulrichsturm/Library/Mobile Documents/com~apple~CloudDocs/MM/apps/server/src/vendors/vendors.controller.ts": {"path":"/Users/ulrichsturm/Library/Mobile Documents/com~apple~CloudDocs/MM/apps/server/src/vendors/vendors.controller.ts","statementMap":{"0":{"start":{"line":1,"column":0},"end":{"line":1,"column":null}},"1":{"start":{"line":13,"column":0},"end":{"line":13,"column":null}},"2":{"start":{"line":20,"column":0},"end":{"line":20,"column":77}},"3":{"start":{"line":21,"column":0},"end":{"line":21,"column":65}},"4":{"start":{"line":22,"column":0},"end":{"line":22,"column":49}},"5":{"start":{"line":27,"column":7},"end":{"line":121,"column":null}},"6":{"start":{"line":28,"column":31},"end":{"line":28,"column":47}},"7":{"start":{"line":36,"column":4},"end":{"line":36,"column":57}},"8":{"start":{"line":45,"column":4},"end":{"line":45,"column":47}},"9":{"start":{"line":53,"column":20},"end":{"line":53,"column":72}},"10":{"start":{"line":54,"column":4},"end":{"line":56,"column":5}},"11":{"start":{"line":55,"column":6},"end":{"line":55,"column":55}},"12":{"start":{"line":57,"column":4},"end":{"line":57,"column":19}},"13":{"start":{"line":65,"column":4},"end":{"line":65,"column":43}},"14":{"start":{"line":73,"column":20},"end":{"line":73,"column":72}},"15":{"start":{"line":74,"column":4},"end":{"line":76,"column":5}},"16":{"start":{"line":75,"column":6},"end":{"line":75,"column":55}},"17":{"start":{"line":77,"column":21},"end":{"line":77,"column":66}},"18":{"start":{"line":78,"column":4},"end":{"line":78,"column":87}},"19":{"start":{"line":87,"column":20},"end":{"line":87,"column":57}},"20":{"start":{"line":88,"column":4},"end":{"line":90,"column":5}},"21":{"start":{"line":89,"column":6},"end":{"line":89,"column":55}},"22":{"start":{"line":91,"column":4},"end":{"line":91,"column":83}},"23":{"start":{"line":100,"column":4},"end":{"line":100,"column":56}},"24":{"start":{"line":108,"column":4},"end":{"line":108,"column":41}},"25":{"start":{"line":109,"column":4},"end":{"line":109,"column":54}},"26":{"start":{"line":116,"column":4},"end":{"line":116,"column":54}},"27":{"start":{"line":116,"column":35},"end":{"line":116,"column":53}},"28":{"start":{"line":117,"column":4},"end":{"line":117,"column":56}},"29":{"start":{"line":117,"column":36},"end":{"line":117,"column":55}},"30":{"start":{"line":118,"column":4},"end":{"line":118,"column":70}},"31":{"start":{"line":118,"column":43},"end":{"line":118,"column":69}},"32":{"start":{"line":119,"column":4},"end":{"line":119,"column":23}},"33":{"start":{"line":27,"column":13},"end":{"line":27,"column":30}},"34":{"start":{"line":34,"column":8},"end":{"line":37,"column":null}},"35":{"start":{"line":44,"column":8},"end":{"line":46,"column":null}},"36":{"start":{"line":52,"column":8},"end":{"line":58,"column":null}},"37":{"start":{"line":64,"column":8},"end":{"line":66,"column":null}},"38":{"start":{"line":72,"column":8},"end":{"line":79,"column":null}},"39":{"start":{"line":85,"column":8},"end":{"line":92,"column":null}},"40":{"start":{"line":99,"column":8},"end":{"line":101,"column":null}},"41":{"start":{"line":107,"column":8},"end":{"line":110,"column":null}},"42":{"start":{"line":27,"column":13},"end":{"line":121,"column":null}}},"fnMap":{"0":{"name":"(anonymous_4)","decl":{"start":{"line":28,"column":2},"end":{"line":28,"column":31}},"loc":{"start":{"line":28,"column":61},"end":{"line":28,"column":65}}},"1":{"name":"(anonymous_5)","decl":{"start":{"line":34,"column":2},"end":{"line":34,"column":7}},"loc":{"start":{"line":34,"column":32},"end":{"line":37,"column":3}}},"2":{"name":"(anonymous_6)","decl":{"start":{"line":44,"column":2},"end":{"line":44,"column":7}},"loc":{"start":{"line":44,"column":54},"end":{"line":46,"column":3}}},"3":{"name":"(anonymous_7)","decl":{"start":{"line":52,"column":2},"end":{"line":52,"column":7}},"loc":{"start":{"line":52,"column":40},"end":{"line":58,"column":3}}},"4":{"name":"(anonymous_8)","decl":{"start":{"line":64,"column":2},"end":{"line":64,"column":7}},"loc":{"start":{"line":64,"column":39},"end":{"line":66,"column":3}}},"5":{"name":"(anonymous_9)","decl":{"start":{"line":72,"column":2},"end":{"line":72,"column":7}},"loc":{"start":{"line":72,"column":62},"end":{"line":79,"column":3}}},"6":{"name":"(anonymous_10)","decl":{"start":{"line":85,"column":2},"end":{"line":85,"column":7}},"loc":{"start":{"line":85,"column":64},"end":{"line":92,"column":3}}},"7":{"name":"(anonymous_11)","decl":{"start":{"line":99,"column":2},"end":{"line":99,"column":7}},"loc":{"start":{"line":99,"column":82},"end":{"line":101,"column":3}}},"8":{"name":"(anonymous_12)","decl":{"start":{"line":107,"column":2},"end":{"line":107,"column":7}},"loc":{"start":{"line":107,"column":38},"end":{"line":110,"column":3}}},"9":{"name":"(anonymous_13)","decl":{"start":{"line":115,"column":10},"end":{"line":115,"column":34}},"loc":{"start":{"line":115,"column":50},"end":{"line":120,"column":3}}}},"branchMap":{"0":{"loc":{"start":{"line":54,"column":4},"end":{"line":56,"column":5}},"type":"if","locations":[{"start":{"line":54,"column":4},"end":{"line":56,"column":5}}]},"1":{"loc":{"start":{"line":74,"column":4},"end":{"line":76,"column":5}},"type":"if","locations":[{"start":{"line":74,"column":4},"end":{"line":76,"column":5}}]},"2":{"loc":{"start":{"line":88,"column":4},"end":{"line":90,"column":5}},"type":"if","locations":[{"start":{"line":88,"column":4},"end":{"line":90,"column":5}}]},"3":{"loc":{"start":{"line":116,"column":4},"end":{"line":116,"column":54}},"type":"if","locations":[{"start":{"line":116,"column":4},"end":{"line":116,"column":54}}]},"4":{"loc":{"start":{"line":117,"column":4},"end":{"line":117,"column":56}},"type":"if","locations":[{"start":{"line":117,"column":4},"end":{"line":117,"column":56}}]},"5":{"loc":{"start":{"line":118,"column":4},"end":{"line":118,"column":70}},"type":"if","locations":[{"start":{"line":118,"column":4},"end":{"line":118,"column":70}}]}},"s":{"0":0,"1":0,"2":0,"3":0,"4":0,"5":0,"6":0,"7":0,"8":0,"9":0,"10":0,"11":0,"12":0,"13":0,"14":0,"15":0,"16":0,"17":0,"18":0,"19":0,"20":0,"21":0,"22":0,"23":0,"24":0,"25":0,"26":0,"27":0,"28":0,"29":0,"30":0,"31":0,"32":0,"33":0,"34":0,"35":0,"36":0,"37":0,"38":0,"39":0,"40":0,"41":0,"42":0},"f":{"0":0,"1":0,"2":0,"3":0,"4":0,"5":0,"6":0,"7":0,"8":0,"9":0},"b":{"0":[0],"1":[0],"2":[0],"3":[0],"4":[0],"5":[0]}}
,"/Users/ulrichsturm/Library/Mobile Documents/com~apple~CloudDocs/MM/apps/server/src/vendors/vendors.module.ts": {"path":"/Users/ulrichsturm/Library/Mobile Documents/com~apple~CloudDocs/MM/apps/server/src/vendors/vendors.module.ts","statementMap":{"0":{"start":{"line":1,"column":0},"end":{"line":1,"column":52}},"1":{"start":{"line":2,"column":0},"end":{"line":2,"column":57}},"2":{"start":{"line":3,"column":0},"end":{"line":3,"column":51}},"3":{"start":{"line":4,"column":0},"end":{"line":4,"column":49}},"4":{"start":{"line":12,"column":7},"end":{"line":12,"column":null}},"5":{"start":{"line":12,"column":13},"end":{"line":12,"column":26}},"6":{"start":{"line":12,"column":13},"end":{"line":12,"column":null}},"7":{"start":{"line":7,"column":29},"end":{"line":7,"column":39}}},"fnMap":{"0":{"name":"(anonymous_1)","decl":{"start":{"line":7,"column":23},"end":{"line":7,"column":26}},"loc":{"start":{"line":7,"column":29},"end":{"line":7,"column":39}}}},"branchMap":{},"s":{"0":0,"1":0,"2":0,"3":0,"4":0,"5":0,"6":0,"7":0},"f":{"0":0},"b":{}}
,"/Users/ulrichsturm/Library/Mobile Documents/com~apple~CloudDocs/MM/apps/server/src/vendors/vendors.service.ts": {"path":"/Users/ulrichsturm/Library/Mobile Documents/com~apple~CloudDocs/MM/apps/server/src/vendors/vendors.service.ts","statementMap":{"0":{"start":{"line":1,"column":0},"end":{"line":1,"column":83}},"1":{"start":{"line":2,"column":0},"end":{"line":2,"column":57}},"2":{"start":{"line":4,"column":0},"end":{"line":4,"column":null}},"3":{"start":{"line":5,"column":2},"end":{"line":5,"column":null}},"4":{"start":{"line":6,"column":2},"end":{"line":6,"column":null}},"5":{"start":{"line":7,"column":2},"end":{"line":7,"column":null}},"6":{"start":{"line":25,"column":7},"end":{"line":130,"column":null}},"7":{"start":{"line":26,"column":22},"end":{"line":26,"column":30}},"8":{"start":{"line":29,"column":18},"end":{"line":29,"column":57}},"9":{"start":{"line":30,"column":20},"end":{"line":34,"column":6}},"10":{"start":{"line":35,"column":4},"end":{"line":35,"column":52}},"11":{"start":{"line":35,"column":28},"end":{"line":35,"column":50}},"12":{"start":{"line":39,"column":19},"end":{"line":42,"column":6}},"13":{"start":{"line":43,"column":4},"end":{"line":43,"column":55}},"14":{"start":{"line":47,"column":19},"end":{"line":50,"column":6}},"15":{"start":{"line":51,"column":4},"end":{"line":51,"column":55}},"16":{"start":{"line":55,"column":19},"end":{"line":66,"column":6}},"17":{"start":{"line":67,"column":4},"end":{"line":67,"column":39}},"18":{"start":{"line":76,"column":19},"end":{"line":76,"column":41}},"19":{"start":{"line":77,"column":4},"end":{"line":79,"column":5}},"20":{"start":{"line":78,"column":6},"end":{"line":78,"column":54}},"21":{"start":{"line":82,"column":4},"end":{"line":84,"column":5}},"22":{"start":{"line":83,"column":6},"end":{"line":83,"column":75}},"23":{"start":{"line":86,"column":20},"end":{"line":96,"column":6}},"24":{"start":{"line":97,"column":4},"end":{"line":97,"column":40}},"25":{"start":{"line":101,"column":20},"end":{"line":105,"column":6}},"26":{"start":{"line":106,"column":4},"end":{"line":106,"column":40}},"27":{"start":{"line":110,"column":4},"end":{"line":112,"column":7}},"28":{"start":{"line":116,"column":4},"end":{"line":128,"column":6}},"29":{"start":{"line":25,"column":13},"end":{"line":25,"column":27}},"30":{"start":{"line":25,"column":13},"end":{"line":130,"column":null}}},"fnMap":{"0":{"name":"(anonymous_2)","decl":{"start":{"line":4,"column":0},"end":{"line":4,"column":12}},"loc":{"start":{"line":4,"column":24},"end":{"line":8,"column":1}}},"1":{"name":"(anonymous_3)","decl":{"start":{"line":26,"column":2},"end":{"line":26,"column":22}},"loc":{"start":{"line":26,"column":43},"end":{"line":26,"column":47}}},"2":{"name":"(anonymous_4)","decl":{"start":{"line":28,"column":2},"end":{"line":28,"column":7}},"loc":{"start":{"line":28,"column":37},"end":{"line":36,"column":3}}},"3":{"name":"(anonymous_5)","decl":{"start":{"line":35,"column":23},"end":{"line":35,"column":24}},"loc":{"start":{"line":35,"column":28},"end":{"line":35,"column":50}}},"4":{"name":"(anonymous_6)","decl":{"start":{"line":38,"column":2},"end":{"line":38,"column":7}},"loc":{"start":{"line":38,"column":26},"end":{"line":44,"column":3}}},"5":{"name":"(anonymous_7)","decl":{"start":{"line":46,"column":2},"end":{"line":46,"column":7}},"loc":{"start":{"line":46,"column":35},"end":{"line":52,"column":3}}},"6":{"name":"(anonymous_8)","decl":{"start":{"line":54,"column":2},"end":{"line":54,"column":7}},"loc":{"start":{"line":54,"column":59},"end":{"line":68,"column":3}}},"7":{"name":"(anonymous_9)","decl":{"start":{"line":70,"column":2},"end":{"line":70,"column":7}},"loc":{"start":{"line":74,"column":32},"end":{"line":98,"column":3}}},"8":{"name":"(anonymous_10)","decl":{"start":{"line":100,"column":2},"end":{"line":100,"column":7}},"loc":{"start":{"line":100,"column":53},"end":{"line":107,"column":3}}},"9":{"name":"(anonymous_11)","decl":{"start":{"line":109,"column":2},"end":{"line":109,"column":7}},"loc":{"start":{"line":109,"column":25},"end":{"line":113,"column":3}}},"10":{"name":"(anonymous_12)","decl":{"start":{"line":115,"column":10},"end":{"line":115,"column":24}},"loc":{"start":{"line":115,"column":36},"end":{"line":129,"column":3}}}},"branchMap":{"0":{"loc":{"start":{"line":4,"column":12},"end":{"line":4,"column":null}},"type":"binary-expr","locations":[{"start":{"line":4,"column":12},"end":{"line":4,"column":24}},{"start":{"line":4,"column":24},"end":{"line":4,"column":null}}]},"1":{"loc":{"start":{"line":29,"column":18},"end":{"line":29,"column":57}},"type":"cond-expr","locations":[{"start":{"line":29,"column":27},"end":{"line":29,"column":52}},{"start":{"line":29,"column":55},"end":{"line":29,"column":57}}]},"2":{"loc":{"start":{"line":43,"column":11},"end":{"line":43,"column":54}},"type":"cond-expr","locations":[{"start":{"line":43,"column":20},"end":{"line":43,"column":47}},{"start":{"line":43,"column":50},"end":{"line":43,"column":54}}]},"3":{"loc":{"start":{"line":51,"column":11},"end":{"line":51,"column":54}},"type":"cond-expr","locations":[{"start":{"line":51,"column":20},"end":{"line":51,"column":47}},{"start":{"line":51,"column":50},"end":{"line":51,"column":54}}]},"4":{"loc":{"start":{"line":58,"column":22},"end":{"line":58,"column":45}},"type":"binary-expr","locations":[{"start":{"line":58,"column":22},"end":{"line":58,"column":39}},{"start":{"line":58,"column":43},"end":{"line":58,"column":45}}]},"5":{"loc":{"start":{"line":59,"column":22},"end":{"line":59,"column":38}},"type":"binary-expr","locations":[{"start":{"line":59,"column":22},"end":{"line":59,"column":32}},{"start":{"line":59,"column":36},"end":{"line":59,"column":38}}]},"6":{"loc":{"start":{"line":77,"column":4},"end":{"line":79,"column":5}},"type":"if","locations":[{"start":{"line":77,"column":4},"end":{"line":79,"column":5}}]},"7":{"loc":{"start":{"line":82,"column":4},"end":{"line":84,"column":5}},"type":"if","locations":[{"start":{"line":82,"column":4},"end":{"line":84,"column":5}}]},"8":{"loc":{"start":{"line":82,"column":8},"end":{"line":82,"column":56}},"type":"binary-expr","locations":[{"start":{"line":82,"column":8},"end":{"line":82,"column":32}},{"start":{"line":82,"column":36},"end":{"line":82,"column":56}}]},"9":{"loc":{"start":{"line":125,"column":24},"end":{"line":125,"column":67}},"type":"binary-expr","locations":[{"start":{"line":125,"column":24},"end":{"line":125,"column":47}},{"start":{"line":125,"column":51},"end":{"line":125,"column":67}}]}},"s":{"0":1,"1":1,"2":1,"3":1,"4":1,"5":1,"6":1,"7":13,"8":2,"9":2,"10":2,"11":1,"12":6,"13":6,"14":1,"15":1,"16":1,"17":1,"18":4,"19":4,"20":1,"21":3,"22":1,"23":2,"24":2,"25":1,"26":1,"27":1,"28":10,"29":1,"30":1},"f":{"0":1,"1":13,"2":2,"3":1,"4":6,"5":1,"6":1,"7":4,"8":1,"9":1,"10":10},"b":{"0":[1,1],"1":[1,1],"2":[4,2],"3":[1,0],"4":[1,0],"5":[1,0],"6":[1],"7":[1],"8":[3,2],"9":[10,10]}}
,"/Users/ulrichsturm/Library/Mobile Documents/com~apple~CloudDocs/MM/apps/server/src/wills/wills.controller.ts": {"path":"/Users/ulrichsturm/Library/Mobile Documents/com~apple~CloudDocs/MM/apps/server/src/wills/wills.controller.ts","statementMap":{"0":{"start":{"line":1,"column":0},"end":{"line":1,"column":63}},"1":{"start":{"line":2,"column":0},"end":{"line":2,"column":71}},"2":{"start":{"line":3,"column":0},"end":{"line":3,"column":56}},"3":{"start":{"line":8,"column":7},"end":{"line":55,"column":null}},"4":{"start":{"line":16,"column":4},"end":{"line":16,"column":14}},"5":{"start":{"line":25,"column":4},"end":{"line":25,"column":16}},"6":{"start":{"line":35,"column":4},"end":{"line":35,"column":14}},"7":{"start":{"line":44,"column":4},"end":{"line":44,"column":16}},"8":{"start":{"line":53,"column":4},"end":{"line":53,"column":16}},"9":{"start":{"line":8,"column":13},"end":{"line":8,"column":28}},"10":{"start":{"line":13,"column":8},"end":{"line":17,"column":null}},"11":{"start":{"line":23,"column":8},"end":{"line":26,"column":null}},"12":{"start":{"line":32,"column":8},"end":{"line":36,"column":null}},"13":{"start":{"line":42,"column":8},"end":{"line":45,"column":null}},"14":{"start":{"line":51,"column":8},"end":{"line":54,"column":null}},"15":{"start":{"line":8,"column":13},"end":{"line":55,"column":null}}},"fnMap":{"0":{"name":"(anonymous_4)","decl":{"start":{"line":13,"column":2},"end":{"line":13,"column":7}},"loc":{"start":{"line":13,"column":69},"end":{"line":17,"column":3}}},"1":{"name":"(anonymous_5)","decl":{"start":{"line":23,"column":2},"end":{"line":23,"column":7}},"loc":{"start":{"line":23,"column":47},"end":{"line":26,"column":3}}},"2":{"name":"(anonymous_6)","decl":{"start":{"line":32,"column":2},"end":{"line":32,"column":7}},"loc":{"start":{"line":32,"column":67},"end":{"line":36,"column":3}}},"3":{"name":"(anonymous_7)","decl":{"start":{"line":42,"column":2},"end":{"line":42,"column":7}},"loc":{"start":{"line":42,"column":45},"end":{"line":45,"column":3}}},"4":{"name":"(anonymous_8)","decl":{"start":{"line":51,"column":2},"end":{"line":51,"column":7}},"loc":{"start":{"line":51,"column":44},"end":{"line":54,"column":3}}}},"branchMap":{},"s":{"0":0,"1":0,"2":0,"3":0,"4":0,"5":0,"6":0,"7":0,"8":0,"9":0,"10":0,"11":0,"12":0,"13":0,"14":0,"15":0},"f":{"0":0,"1":0,"2":0,"3":0,"4":0},"b":{}}
}
