TN:
SF:src/app.module.ts
FNF:0
FNH:0
DA:1,0
DA:2,0
DA:3,0
DA:4,0
DA:5,0
DA:6,0
DA:7,0
DA:8,0
DA:9,0
DA:10,0
DA:11,0
DA:12,0
DA:13,0
DA:14,0
DA:15,0
DA:16,0
DA:17,0
DA:63,0
LF:18
LH:0
BRF:0
BRH:0
end_of_record
TN:
SF:src/main.ts
FN:8,bootstrap
FN:44,(anonymous_1)
FN:163,(anonymous_2)
FN:168,(anonymous_3)
FNF:4
FNH:0
FNDA:0,bootstrap
FNDA:0,(anonymous_1)
FNDA:0,(anonymous_2)
FNDA:0,(anonymous_3)
DA:1,0
DA:2,0
DA:3,0
DA:4,0
DA:5,0
DA:6,0
DA:9,0
DA:10,0
DA:13,0
DA:22,0
DA:25,0
DA:37,0
DA:43,0
DA:46,0
DA:47,0
DA:49,0
DA:50,0
DA:59,0
DA:60,0
DA:142,0
DA:145,0
DA:163,0
DA:164,0
DA:168,0
DA:169,0
DA:172,0
DA:173,0
DA:176,0
DA:177,0
DA:179,0
DA:180,0
DA:183,0
LF:32
LH:0
BRDA:17,0,0,0
BRDA:17,0,1,0
BRDA:37,1,0,0
BRDA:37,1,1,0
BRDA:46,2,0,0
BRDA:46,2,1,0
BRDA:46,3,0,0
BRDA:46,3,1,0
BRDA:59,4,0,0
BRDA:176,5,0,0
BRDA:176,5,1,0
BRDA:180,6,0,0
BRDA:180,6,1,0
BRF:13
BRH:0
end_of_record
TN:
SF:src/admin/admin.controller.ts
FN:13,(anonymous_2)
FN:41,(anonymous_3)
FNF:2
FNH:0
FNDA:0,(anonymous_2)
FNDA:0,(anonymous_3)
DA:1,0
DA:2,0
DA:3,0
DA:4,0
DA:5,0
DA:12,0
DA:13,0
DA:41,0
DA:42,0
LF:9
LH:0
BRF:0
BRH:0
end_of_record
TN:
SF:src/admin/admin.module.ts
FNF:0
FNH:0
DA:1,0
DA:2,0
DA:3,0
DA:4,0
DA:12,0
LF:5
LH:0
BRF:0
BRH:0
end_of_record
TN:
SF:src/admin/admin.service.ts
FN:9,(anonymous_2)
FN:14,(anonymous_3)
FN:53,(anonymous_4)
FN:75,(anonymous_5)
FN:96,(anonymous_6)
FN:117,(anonymous_7)
FN:143,(anonymous_8)
FN:166,(anonymous_9)
FN:182,(anonymous_10)
FN:183,(anonymous_11)
FN:185,(anonymous_12)
FN:186,(anonymous_13)
FN:187,(anonymous_14)
FN:188,(anonymous_15)
FN:189,(anonymous_16)
FN:214,(anonymous_17)
FN:262,(anonymous_18)
FN:276,(anonymous_19)
FN:299,(anonymous_20)
FN:304,(anonymous_21)
FN:305,(anonymous_22)
FN:323,(anonymous_23)
FNF:22
FNH:0
FNDA:0,(anonymous_2)
FNDA:0,(anonymous_3)
FNDA:0,(anonymous_4)
FNDA:0,(anonymous_5)
FNDA:0,(anonymous_6)
FNDA:0,(anonymous_7)
FNDA:0,(anonymous_8)
FNDA:0,(anonymous_9)
FNDA:0,(anonymous_10)
FNDA:0,(anonymous_11)
FNDA:0,(anonymous_12)
FNDA:0,(anonymous_13)
FNDA:0,(anonymous_14)
FNDA:0,(anonymous_15)
FNDA:0,(anonymous_16)
FNDA:0,(anonymous_17)
FNDA:0,(anonymous_18)
FNDA:0,(anonymous_19)
FNDA:0,(anonymous_20)
FNDA:0,(anonymous_21)
FNDA:0,(anonymous_22)
FNDA:0,(anonymous_23)
DA:1,0
DA:2,0
DA:3,0
DA:6,0
DA:7,0
DA:9,0
DA:15,0
DA:26,0
DA:37,0
DA:55,0
DA:63,0
DA:76,0
DA:84,0
DA:97,0
DA:105,0
DA:119,0
DA:129,0
DA:144,0
DA:153,0
DA:167,0
DA:182,0
DA:183,0
DA:185,0
DA:186,0
DA:187,0
DA:188,0
DA:189,0
DA:191,0
DA:199,0
DA:201,0
DA:215,0
DA:216,0
DA:224,0
DA:262,0
DA:264,0
DA:277,0
DA:299,0
DA:300,0
DA:301,0
DA:302,0
DA:304,0
DA:305,0
DA:306,0
DA:307,0
DA:308,0
DA:313,0
DA:323,0
LF:47
LH:0
BRDA:199,0,0,0
BRDA:199,0,1,0
BRDA:306,1,0,0
BRF:3
BRH:0
end_of_record
TN:
SF:src/admin/index.ts
FNF:0
FNH:0
DA:1,0
DA:2,0
DA:3,0
DA:4,0
LF:4
LH:0
BRF:0
BRH:0
end_of_record
TN:
SF:src/admin/dto/index.ts
FNF:0
FNH:0
DA:1,0
LF:1
LH:0
BRF:0
BRH:0
end_of_record
TN:
SF:src/admin/dto/stats-response.dto.ts
FNF:0
FNH:0
DA:1,0
DA:3,0
DA:5,0
DA:8,0
DA:11,0
DA:14,0
DA:17,0
DA:20,0
DA:22,0
DA:25,0
DA:28,0
DA:31,0
DA:34,0
DA:37,0
DA:39,0
DA:42,0
DA:45,0
DA:48,0
DA:51,0
DA:54,0
DA:56,0
DA:59,0
DA:62,0
DA:65,0
DA:68,0
DA:71,0
DA:74,0
DA:77,0
DA:79,0
DA:82,0
DA:85,0
DA:88,0
DA:91,0
DA:94,0
DA:97,0
DA:99,0
DA:102,0
DA:105,0
DA:108,0
DA:111,0
DA:114,0
DA:117,0
DA:119,0
DA:122,0
DA:125,0
DA:128,0
DA:131,0
DA:134,0
DA:136,0
DA:139,0
DA:142,0
DA:145,0
DA:148,0
DA:151,0
DA:153,0
DA:156,0
DA:159,0
DA:162,0
DA:165,0
DA:168,0
DA:171,0
DA:174,0
DA:177,0
LF:63
LH:0
BRF:0
BRH:0
end_of_record
TN:
SF:src/admin/dto/update-user.dto.ts
FNF:0
FNH:0
DA:1,0
DA:2,0
DA:3,0
DA:5,0
DA:9,0
DA:14,0
DA:19,0
DA:24,0
DA:29,0
LF:9
LH:0
BRF:0
BRH:0
end_of_record
TN:
SF:src/auth/auth.controller.ts
FN:21,(anonymous_4)
FN:44,(anonymous_5)
FN:90,(anonymous_6)
FN:115,(anonymous_7)
FN:151,(anonymous_8)
FN:184,(anonymous_9)
FN:205,(anonymous_10)
FNF:7
FNH:0
FNDA:0,(anonymous_4)
FNDA:0,(anonymous_5)
FNDA:0,(anonymous_6)
FNDA:0,(anonymous_7)
FNDA:0,(anonymous_8)
FNDA:0,(anonymous_9)
FNDA:0,(anonymous_10)
DA:1,0
DA:2,0
DA:3,0
DA:4,0
DA:5,0
DA:6,0
DA:20,0
DA:21,0
DA:44,0
DA:45,0
DA:48,0
DA:51,0
DA:52,0
DA:55,0
DA:90,0
DA:91,0
DA:92,0
DA:115,0
DA:116,0
DA:117,0
DA:151,0
DA:152,0
DA:153,0
DA:155,0
DA:184,0
DA:194,0
DA:205,0
DA:206,0
LF:28
LH:0
BRDA:51,0,0,0
BRDA:152,1,0,0
BRDA:152,2,0,0
BRDA:152,2,1,0
BRF:4
BRH:0
end_of_record
TN:
SF:src/auth/auth.module.ts
FNF:0
FNH:0
DA:1,0
DA:2,0
DA:3,0
DA:4,0
DA:5,0
DA:6,0
DA:7,0
DA:8,0
DA:9,0
DA:41,0
LF:10
LH:0
BRF:0
BRH:0
end_of_record
TN:
SF:src/auth/auth.service.ts
FN:21,(anonymous_2)
FN:35,(anonymous_3)
FN:70,(anonymous_4)
FN:153,(anonymous_5)
FN:252,(anonymous_6)
FN:304,(anonymous_7)
FN:313,(anonymous_8)
FN:322,(anonymous_9)
FN:386,(anonymous_10)
FN:393,(anonymous_11)
FN:405,(anonymous_12)
FN:464,(anonymous_13)
FN:491,(anonymous_14)
FN:524,(anonymous_15)
FN:572,(anonymous_16)
FN:585,(anonymous_17)
FN:605,(anonymous_18)
FNF:17
FNH:0
FNDA:0,(anonymous_2)
FNDA:0,(anonymous_3)
FNDA:0,(anonymous_4)
FNDA:0,(anonymous_5)
FNDA:0,(anonymous_6)
FNDA:0,(anonymous_7)
FNDA:0,(anonymous_8)
FNDA:0,(anonymous_9)
FNDA:0,(anonymous_10)
FNDA:0,(anonymous_11)
FNDA:0,(anonymous_12)
FNDA:0,(anonymous_13)
FNDA:0,(anonymous_14)
FNDA:0,(anonymous_15)
FNDA:0,(anonymous_16)
FNDA:0,(anonymous_17)
FNDA:0,(anonymous_18)
DA:1,0
DA:2,0
DA:3,0
DA:4,0
DA:5,0
DA:14,0
DA:15,0
DA:22,0
DA:23,0
DA:25,0
DA:26,0
DA:27,0
DA:28,0
DA:36,0
DA:58,0
DA:60,0
DA:61,0
DA:64,0
DA:88,0
DA:89,0
DA:90,0
DA:92,0
DA:93,0
DA:95,0
DA:96,0
DA:98,0
DA:99,0
DA:101,0
DA:102,0
DA:104,0
DA:105,0
DA:107,0
DA:108,0
DA:110,0
DA:111,0
DA:113,0
DA:114,0
DA:116,0
DA:117,0
DA:119,0
DA:120,0
DA:123,0
DA:146,0
DA:147,0
DA:154,0
DA:157,0
DA:158,0
DA:160,0
DA:161,0
DA:165,0
DA:170,0
DA:171,0
DA:175,0
DA:176,0
DA:193,0
DA:194,0
DA:197,0
DA:198,0
DA:202,0
DA:203,0
DA:204,0
DA:208,0
DA:209,0
DA:224,0
DA:225,0
DA:228,0
DA:229,0
DA:233,0
DA:234,0
DA:236,0
DA:237,0
DA:239,0
DA:240,0
DA:242,0
DA:244,0
DA:259,0
DA:262,0
DA:263,0
DA:264,0
DA:265,0
DA:266,0
DA:267,0
DA:268,0
DA:272,0
DA:276,0
DA:278,0
DA:289,0
DA:305,0
DA:314,0
DA:323,0
DA:325,0
DA:326,0
DA:328,0
DA:329,0
DA:332,0
DA:348,0
DA:351,0
DA:352,0
DA:353,0
DA:362,0
DA:369,0
DA:370,0
DA:372,0
DA:373,0
DA:374,0
DA:378,0
DA:379,0
DA:387,0
DA:388,0
DA:389,0
DA:390,0
DA:393,0
DA:396,0
DA:398,0
DA:412,0
DA:415,0
DA:419,0
DA:420,0
DA:424,0
DA:425,0
DA:426,0
DA:430,0
DA:438,0
DA:439,0
DA:443,0
DA:446,0
DA:457,0
DA:458,0
DA:465,0
DA:466,0
DA:481,0
DA:483,0
DA:484,0
DA:501,0
DA:502,0
DA:524,0
DA:528,0
DA:529,0
DA:532,0
DA:533,0
DA:534,0
DA:538,0
DA:539,0
DA:540,0
DA:541,0
DA:545,0
DA:555,0
DA:556,0
DA:559,0
DA:561,0
DA:562,0
DA:564,0
DA:565,0
DA:577,0
DA:579,0
DA:585,0
DA:589,0
DA:590,0
DA:591,0
DA:594,0
DA:597,0
DA:605,0
DA:609,0
DA:611,0
DA:612,0
LF:165
LH:0
BRDA:25,0,0,0
BRDA:25,0,1,0
BRDA:26,1,0,0
BRDA:26,1,1,0
BRDA:27,2,0,0
BRDA:27,2,1,0
BRDA:29,3,0,0
BRDA:29,3,1,0
BRDA:58,4,0,0
BRDA:89,5,0,0
BRDA:92,6,0,0
BRDA:95,7,0,0
BRDA:98,8,0,0
BRDA:101,9,0,0
BRDA:104,10,0,0
BRDA:107,11,0,0
BRDA:110,12,0,0
BRDA:113,13,0,0
BRDA:116,14,0,0
BRDA:119,15,0,0
BRDA:157,16,0,0
BRDA:157,16,1,0
BRDA:160,17,0,0
BRDA:170,18,0,0
BRDA:193,19,0,0
BRDA:193,20,0,0
BRDA:193,20,1,0
BRDA:203,21,0,0
BRDA:228,22,0,0
BRDA:231,23,0,0
BRDA:231,23,1,0
BRDA:233,24,0,0
BRDA:236,25,0,0
BRDA:239,26,0,0
BRDA:263,27,0,0
BRDA:263,27,1,0
BRDA:265,28,0,0
BRDA:265,28,1,0
BRDA:267,29,0,0
BRDA:276,30,0,0
BRDA:325,31,0,0
BRDA:325,31,1,0
BRDA:328,32,0,0
BRDA:352,33,0,0
BRDA:355,34,0,0
BRDA:355,34,1,0
BRDA:358,35,0,0
BRDA:358,35,1,0
BRDA:369,36,0,0
BRDA:372,37,0,0
BRDA:372,38,0,0
BRDA:372,38,1,0
BRDA:373,39,0,0
BRDA:373,39,1,0
BRDA:375,40,0,0
BRDA:375,40,1,0
BRDA:375,40,2,0
BRDA:419,41,0,0
BRDA:425,42,0,0
BRDA:432,43,0,0
BRDA:432,43,1,0
BRDA:438,44,0,0
BRDA:528,45,0,0
BRDA:532,46,0,0
BRDA:539,47,0,0
BRDA:541,48,0,0
BRDA:541,48,1,0
BRDA:555,49,0,0
BRDA:555,50,0,0
BRDA:555,50,1,0
BRDA:561,51,0,0
BRDA:589,52,0,0
BRF:72
BRH:0
end_of_record
TN:
SF:src/auth/debug-role.guard.ts
FN:8,(anonymous_2)
FN:10,(anonymous_3)
FN:38,(anonymous_4)
FNF:3
FNH:0
FNDA:0,(anonymous_2)
FNDA:0,(anonymous_3)
FNDA:0,(anonymous_4)
DA:1,0
DA:2,0
DA:5,0
DA:6,0
DA:8,0
DA:11,0
DA:13,0
DA:14,0
DA:15,0
DA:18,0
DA:20,0
DA:21,0
DA:23,0
DA:24,0
DA:27,0
DA:28,0
DA:32,0
DA:33,0
DA:34,0
DA:37,0
DA:38,0
DA:40,0
DA:41,0
LF:23
LH:0
BRDA:13,0,0,0
BRDA:13,1,0,0
BRDA:13,1,1,0
BRDA:32,2,0,0
BRDA:32,3,0,0
BRDA:32,3,1,0
BRDA:32,3,2,0
BRF:7
BRH:0
end_of_record
TN:
SF:src/auth/keycloak.config.ts
FN:4,(anonymous_0)
FNF:1
FNH:0
FNDA:0,(anonymous_0)
DA:2,0
DA:4,0
DA:7,0
LF:3
LH:0
BRF:0
BRH:0
end_of_record
TN:
SF:src/auth/dto/change-password.dto.ts
FNF:0
FNH:0
DA:1,0
DA:2,0
DA:4,0
DA:11,0
DA:20,0
LF:5
LH:0
BRF:0
BRH:0
end_of_record
TN:
SF:src/auth/dto/update-profile.dto.ts
FNF:0
FNH:0
DA:1,0
DA:2,0
DA:4,0
DA:8,0
DA:13,0
DA:18,0
DA:24,0
DA:29,0
DA:34,0
DA:39,0
DA:45,0
DA:50,0
DA:55,0
DA:60,0
LF:14
LH:0
BRF:0
BRH:0
end_of_record
TN:
SF:src/categories/categories.controller.ts
FN:32,(anonymous_4)
FN:53,(anonymous_5)
FN:70,(anonymous_6)
FN:85,(anonymous_7)
FN:104,(anonymous_8)
FN:121,(anonymous_9)
FN:143,(anonymous_10)
FNF:7
FNH:0
FNDA:0,(anonymous_4)
FNDA:0,(anonymous_5)
FNDA:0,(anonymous_6)
FNDA:0,(anonymous_7)
FNDA:0,(anonymous_8)
FNDA:0,(anonymous_9)
FNDA:0,(anonymous_10)
DA:1,0
DA:14,0
DA:22,0
DA:23,0
DA:24,0
DA:25,0
DA:26,0
DA:31,0
DA:32,0
DA:53,0
DA:56,0
DA:70,0
DA:71,0
DA:85,0
DA:86,0
DA:104,0
DA:105,0
DA:121,0
DA:125,0
DA:143,0
DA:144,0
LF:21
LH:0
BRF:0
BRH:0
end_of_record
TN:
SF:src/categories/categories.module.ts
FNF:0
FNH:0
DA:1,0
DA:2,0
DA:3,0
DA:4,0
DA:12,0
LF:5
LH:0
BRF:0
BRH:0
end_of_record
TN:
SF:src/categories/categories.service.ts
FN:16,(anonymous_2)
FN:21,(anonymous_3)
FN:62,(anonymous_4)
FN:76,(anonymous_5)
FN:84,(anonymous_6)
FN:104,(anonymous_7)
FN:124,(anonymous_8)
FN:139,(anonymous_9)
FN:178,(anonymous_10)
FN:211,(anonymous_11)
FNF:10
FNH:8
FNDA:10,(anonymous_2)
FNDA:3,(anonymous_3)
FNDA:2,(anonymous_4)
FNDA:4,(anonymous_5)
FNDA:2,(anonymous_6)
FNDA:0,(anonymous_7)
FNDA:2,(anonymous_8)
FNDA:2,(anonymous_9)
FNDA:0,(anonymous_10)
FNDA:7,(anonymous_11)
DA:1,1
DA:8,1
DA:13,1
DA:14,10
DA:16,10
DA:22,3
DA:25,3
DA:31,3
DA:32,2
DA:39,1
DA:55,1
DA:56,1
DA:63,2
DA:65,2
DA:75,2
DA:76,4
DA:85,2
DA:94,2
DA:95,1
DA:98,1
DA:105,0
DA:114,0
DA:115,0
DA:118,0
DA:125,2
DA:129,2
DA:130,1
DA:134,1
DA:135,1
DA:139,2
DA:144,1
DA:145,1
DA:146,0
DA:148,1
DA:149,0
DA:154,1
DA:171,1
DA:172,1
DA:179,0
DA:188,0
DA:189,0
DA:193,0
DA:194,0
DA:200,0
DA:204,0
DA:205,0
DA:212,7
LF:47
LH:33
BRDA:31,0,0,2
BRDA:33,1,0,1
BRDA:33,1,1,1
BRDA:45,2,0,1
BRDA:45,2,1,1
BRDA:46,3,0,1
BRDA:46,3,1,0
BRDA:62,4,0,1
BRDA:63,5,0,1
BRDA:63,5,1,1
BRDA:94,6,0,1
BRDA:114,7,0,0
BRDA:129,8,0,1
BRDA:134,9,0,1
BRDA:134,10,0,1
BRDA:134,10,1,0
BRDA:138,11,0,1
BRDA:138,11,1,0
BRDA:138,12,0,0
BRDA:138,12,1,1
BRDA:144,13,0,1
BRDA:145,14,0,0
BRDA:145,15,0,1
BRDA:145,15,1,1
BRDA:148,16,0,0
BRDA:148,17,0,1
BRDA:148,17,1,0
BRDA:188,18,0,0
BRDA:193,19,0,0
BRDA:220,20,0,7
BRDA:220,20,1,3
BRF:31
BRH:21
end_of_record
TN:
SF:src/categories/index.ts
FNF:0
FNH:0
DA:1,0
DA:2,0
DA:3,0
DA:4,0
LF:4
LH:0
BRF:0
BRH:0
end_of_record
TN:
SF:src/categories/dto/category-response.dto.ts
FNF:0
FNH:0
DA:1,0
DA:3,0
DA:5,0
DA:8,0
DA:11,0
DA:14,0
DA:17,0
DA:20,0
DA:23,0
DA:26,0
DA:29,0
DA:32,0
DA:35,0
DA:37,0
DA:40,0
LF:15
LH:0
BRF:0
BRH:0
end_of_record
TN:
SF:src/categories/dto/create-category.dto.ts
FNF:0
FNH:0
DA:1,0
DA:2,0
DA:12,0
DA:22,0
DA:33,0
DA:41,0
DA:49,0
DA:57,0
DA:65,0
LF:9
LH:0
BRF:0
BRH:0
end_of_record
TN:
SF:src/categories/dto/index.ts
FNF:0
FNH:0
DA:1,0
DA:2,0
DA:3,0
LF:3
LH:0
BRF:0
BRH:0
end_of_record
TN:
SF:src/categories/dto/update-category.dto.ts
FNF:0
FNH:0
DA:1,0
DA:2,0
DA:12,0
DA:23,0
DA:35,0
DA:43,0
DA:51,0
DA:59,0
DA:66,0
LF:9
LH:0
BRF:0
BRH:0
end_of_record
TN:
SF:src/common/index.ts
FNF:0
FNH:0
DA:1,0
DA:2,0
DA:3,0
LF:3
LH:0
BRF:0
BRH:0
end_of_record
TN:
SF:src/common/decorators/api.decorator.ts
FN:58,ApiEndpoint
FN:78,(anonymous_1)
FN:107,ApiPaginatedResponse
FN:142,ApiPublicEndpoint
FNF:4
FNH:0
FNDA:0,ApiEndpoint
FNDA:0,(anonymous_1)
FNDA:0,ApiPaginatedResponse
FNDA:0,ApiPublicEndpoint
DA:1,0
DA:2,0
DA:58,0
DA:59,0
DA:67,0
DA:68,0
DA:72,0
DA:73,0
DA:77,0
DA:78,0
DA:79,0
DA:91,0
DA:92,0
DA:99,0
DA:101,0
DA:107,0
DA:108,0
DA:142,0
DA:143,0
LF:19
LH:0
BRDA:67,0,0,0
BRDA:72,1,0,0
BRDA:77,2,0,0
BRDA:91,3,0,0
BRF:4
BRH:0
end_of_record
TN:
SF:src/common/decorators/index.ts
FNF:0
FNH:0
DA:1,0
LF:1
LH:0
BRF:0
BRH:0
end_of_record
TN:
SF:src/common/dto/api-response.dto.ts
FNF:0
FNH:0
DA:1,0
DA:6,0
DA:8,0
DA:11,0
DA:17,0
DA:23,0
DA:25,0
DA:28,0
DA:34,0
DA:36,0
DA:39,0
DA:46,0
DA:52,0
DA:54,0
DA:57,0
DA:60,0
DA:63,0
DA:69,0
DA:71,0
DA:74,0
DA:80,0
DA:82,0
DA:88,0
DA:94,0
LF:24
LH:0
BRF:0
BRH:0
end_of_record
TN:
SF:src/common/dto/index.ts
FNF:0
FNH:0
DA:1,0
DA:2,0
LF:2
LH:0
BRF:0
BRH:0
end_of_record
TN:
SF:src/common/dto/pagination.dto.ts
FN:8,(anonymous_2)
FN:15,(anonymous_3)
FN:28,(anonymous_4)
FN:76,createPaginationMeta
FNF:4
FNH:0
FNDA:0,(anonymous_2)
FNDA:0,(anonymous_3)
FNDA:0,(anonymous_4)
FNDA:0,createPaginationMeta
DA:1,0
DA:2,0
DA:3,0
DA:8,0
DA:15,0
DA:19,0
DA:28,0
DA:33,0
DA:39,0
DA:41,0
DA:44,0
DA:47,0
DA:50,0
DA:53,0
DA:56,0
DA:62,0
DA:64,0
DA:67,0
DA:70,0
DA:76,0
DA:77,0
DA:78,0
LF:22
LH:0
BRF:0
BRH:0
end_of_record
TN:
SF:src/common/enums/role.enum.ts
FN:1,(anonymous_0)
FNF:1
FNH:0
FNDA:0,(anonymous_0)
DA:1,0
DA:2,0
DA:3,0
DA:4,0
DA:5,0
LF:5
LH:0
BRDA:1,0,0,0
BRDA:1,0,1,0
BRF:2
BRH:0
end_of_record
TN:
SF:src/email/email.module.ts
FN:11,(anonymous_1)
FNF:1
FNH:0
FNDA:0,(anonymous_1)
DA:1,0
DA:2,0
DA:3,0
DA:4,0
DA:5,0
DA:6,0
DA:11,0
DA:41,0
LF:8
LH:0
BRDA:17,0,0,0
BRDA:17,0,1,0
BRDA:17,1,0,0
BRDA:17,1,1,0
BRF:4
BRH:0
end_of_record
TN:
SF:src/email/email.service.ts
FN:47,(anonymous_2)
FN:57,(anonymous_3)
FN:80,(anonymous_4)
FN:94,(anonymous_5)
FN:109,(anonymous_6)
FN:128,(anonymous_7)
FN:149,(anonymous_8)
FN:166,(anonymous_9)
FN:189,(anonymous_10)
FNF:9
FNH:0
FNDA:0,(anonymous_2)
FNDA:0,(anonymous_3)
FNDA:0,(anonymous_4)
FNDA:0,(anonymous_5)
FNDA:0,(anonymous_6)
FNDA:0,(anonymous_7)
FNDA:0,(anonymous_8)
FNDA:0,(anonymous_9)
FNDA:0,(anonymous_10)
DA:1,0
DA:2,0
DA:3,0
DA:43,0
DA:44,0
DA:48,0
DA:49,0
DA:51,0
DA:58,0
DA:59,0
DA:70,0
DA:72,0
DA:81,0
DA:98,0
DA:113,0
DA:114,0
DA:134,0
DA:150,0
DA:151,0
DA:173,0
DA:197,0
LF:21
LH:0
BRDA:141,0,0,0
BRDA:141,0,1,0
BRF:2
BRH:0
end_of_record
TN:
SF:src/email/index.ts
FNF:0
FNH:0
DA:1,0
DA:2,0
LF:2
LH:0
BRF:0
BRH:0
end_of_record
TN:
SF:src/health/health.controller.ts
FN:12,(anonymous_2)
FN:22,(anonymous_3)
FN:36,(anonymous_4)
FN:51,(anonymous_5)
FNF:4
FNH:0
FNDA:0,(anonymous_2)
FNDA:0,(anonymous_3)
FNDA:0,(anonymous_4)
FNDA:0,(anonymous_5)
DA:1,0
DA:2,0
DA:3,0
DA:4,0
DA:5,0
DA:9,0
DA:10,0
DA:13,0
DA:14,0
DA:22,0
DA:23,0
DA:36,0
DA:37,0
DA:38,0
DA:39,0
DA:41,0
DA:42,0
DA:51,0
DA:52,0
LF:19
LH:0
BRF:0
BRH:0
end_of_record
TN:
SF:src/health/health.module.ts
FNF:0
FNH:0
DA:1,0
DA:2,0
DA:7,0
LF:3
LH:0
BRF:0
BRH:0
end_of_record
TN:
SF:src/lawyer-notary/lawyer-notary.controller.ts
FN:28,(anonymous_4)
FN:34,(anonymous_5)
FN:44,(anonymous_6)
FN:53,(anonymous_7)
FN:61,(anonymous_8)
FN:73,(anonymous_9)
FN:81,(anonymous_10)
FN:94,(anonymous_11)
FN:105,(anonymous_12)
FN:113,(anonymous_13)
FN:121,(anonymous_14)
FNF:11
FNH:0
FNDA:0,(anonymous_4)
FNDA:0,(anonymous_5)
FNDA:0,(anonymous_6)
FNDA:0,(anonymous_7)
FNDA:0,(anonymous_8)
FNDA:0,(anonymous_9)
FNDA:0,(anonymous_10)
FNDA:0,(anonymous_11)
FNDA:0,(anonymous_12)
FNDA:0,(anonymous_13)
FNDA:0,(anonymous_14)
DA:1,0
DA:13,0
DA:20,0
DA:21,0
DA:22,0
DA:27,0
DA:28,0
DA:34,0
DA:36,0
DA:44,0
DA:45,0
DA:53,0
DA:54,0
DA:61,0
DA:62,0
DA:63,0
DA:64,0
DA:66,0
DA:73,0
DA:74,0
DA:81,0
DA:82,0
DA:83,0
DA:84,0
DA:86,0
DA:87,0
DA:94,0
DA:96,0
DA:97,0
DA:105,0
DA:106,0
DA:113,0
DA:114,0
DA:115,0
DA:122,0
DA:123,0
DA:124,0
DA:125,0
LF:38
LH:0
BRDA:54,0,0,0
BRDA:54,0,1,0
BRDA:63,1,0,0
BRDA:83,2,0,0
BRDA:122,3,0,0
BRDA:123,4,0,0
BRDA:124,5,0,0
BRF:7
BRH:0
end_of_record
TN:
SF:src/lawyer-notary/lawyer-notary.module.ts
FN:7,(anonymous_1)
FNF:1
FNH:0
FNDA:0,(anonymous_1)
DA:1,0
DA:2,0
DA:3,0
DA:4,0
DA:7,0
DA:12,0
LF:6
LH:0
BRF:0
BRH:0
end_of_record
TN:
SF:src/lawyer-notary/lawyer-notary.service.ts
FN:5,(anonymous_2)
FN:32,(anonymous_3)
FN:34,(anonymous_4)
FN:54,(anonymous_5)
FN:61,(anonymous_6)
FN:64,(anonymous_7)
FN:72,(anonymous_8)
FN:83,(anonymous_9)
FN:104,(anonymous_10)
FN:136,(anonymous_11)
FN:145,(anonymous_12)
FN:151,(anonymous_13)
FN:161,(anonymous_14)
FN:203,(anonymous_15)
FNF:14
FNH:0
FNDA:0,(anonymous_2)
FNDA:0,(anonymous_3)
FNDA:0,(anonymous_4)
FNDA:0,(anonymous_5)
FNDA:0,(anonymous_6)
FNDA:0,(anonymous_7)
FNDA:0,(anonymous_8)
FNDA:0,(anonymous_9)
FNDA:0,(anonymous_10)
FNDA:0,(anonymous_11)
FNDA:0,(anonymous_12)
FNDA:0,(anonymous_13)
FNDA:0,(anonymous_14)
FNDA:0,(anonymous_15)
DA:1,0
DA:2,0
DA:3,0
DA:5,0
DA:6,0
DA:7,0
DA:8,0
DA:31,0
DA:32,0
DA:35,0
DA:51,0
DA:55,0
DA:56,0
DA:61,0
DA:65,0
DA:69,0
DA:73,0
DA:77,0
DA:78,0
DA:80,0
DA:84,0
DA:110,0
DA:113,0
DA:114,0
DA:117,0
DA:133,0
DA:137,0
DA:142,0
DA:146,0
DA:153,0
DA:161,0
DA:162,0
DA:163,0
DA:167,0
DA:170,0
DA:176,0
DA:177,0
DA:180,0
DA:186,0
DA:191,0
DA:192,0
DA:193,0
DA:195,0
DA:199,0
DA:203,0
DA:205,0
DA:206,0
DA:207,0
DA:208,0
DA:209,0
DA:212,0
LF:51
LH:0
BRDA:5,0,0,0
BRDA:5,0,1,0
BRDA:38,1,0,0
BRDA:38,1,1,0
BRDA:39,2,0,0
BRDA:39,2,1,0
BRDA:46,3,0,0
BRDA:46,3,1,0
BRDA:55,4,0,0
BRDA:55,4,1,0
BRDA:69,5,0,0
BRDA:69,5,1,0
BRDA:77,6,0,0
BRDA:113,7,0,0
BRDA:113,8,0,0
BRDA:113,8,1,0
BRDA:162,9,0,0
BRDA:167,10,0,0
BRDA:167,11,0,0
BRDA:167,11,1,0
BRDA:180,12,0,0
BRDA:181,13,0,0
BRDA:181,13,1,0
BRDA:181,13,2,0
BRDA:181,13,3,0
BRDA:193,14,0,0
BRDA:193,15,0,0
BRDA:193,15,1,0
BRDA:206,16,0,0
BRDA:206,16,1,0
BRDA:208,17,0,0
BRDA:214,18,0,0
BRDA:214,18,1,0
BRDA:214,18,2,0
BRDA:215,19,0,0
BRDA:215,19,1,0
BRDA:218,20,0,0
BRDA:218,20,1,0
BRDA:219,21,0,0
BRDA:219,21,1,0
BRDA:221,22,0,0
BRDA:221,22,1,0
BRF:42
BRH:0
end_of_record
TN:
SF:src/orders/index.ts
FNF:0
FNH:0
DA:1,0
DA:2,0
DA:3,0
DA:4,0
LF:4
LH:0
BRF:0
BRH:0
end_of_record
TN:
SF:src/orders/orders.controller.ts
FN:35,(anonymous_4)
FN:51,(anonymous_5)
FN:69,(anonymous_6)
FN:94,(anonymous_7)
FN:117,(anonymous_8)
FN:143,(anonymous_9)
FN:169,(anonymous_10)
FN:200,(anonymous_11)
FN:218,(anonymous_12)
FN:234,(anonymous_13)
FN:246,(anonymous_14)
FNF:11
FNH:0
FNDA:0,(anonymous_4)
FNDA:0,(anonymous_5)
FNDA:0,(anonymous_6)
FNDA:0,(anonymous_7)
FNDA:0,(anonymous_8)
FNDA:0,(anonymous_9)
FNDA:0,(anonymous_10)
FNDA:0,(anonymous_11)
FNDA:0,(anonymous_12)
FNDA:0,(anonymous_13)
FNDA:0,(anonymous_14)
DA:1,0
DA:14,0
DA:22,0
DA:23,0
DA:24,0
DA:25,0
DA:26,0
DA:27,0
DA:28,0
DA:34,0
DA:35,0
DA:51,0
DA:55,0
DA:69,0
DA:75,0
DA:94,0
DA:99,0
DA:117,0
DA:123,0
DA:143,0
DA:148,0
DA:149,0
DA:169,0
DA:176,0
DA:183,0
DA:200,0
DA:204,0
DA:205,0
DA:218,0
DA:219,0
DA:234,0
DA:239,0
DA:240,0
DA:247,0
DA:248,0
DA:249,0
DA:250,0
LF:37
LH:0
BRDA:77,0,0,0
BRDA:77,0,1,0
BRDA:78,1,0,0
BRDA:78,1,1,0
BRDA:125,2,0,0
BRDA:125,2,1,0
BRDA:126,3,0,0
BRDA:126,3,1,0
BRDA:180,4,0,0
BRDA:180,4,1,0
BRDA:181,5,0,0
BRDA:181,5,1,0
BRDA:247,6,0,0
BRDA:248,7,0,0
BRDA:249,8,0,0
BRF:15
BRH:0
end_of_record
TN:
SF:src/orders/orders.module.ts
FNF:0
FNH:0
DA:1,0
DA:2,0
DA:3,0
DA:4,0
DA:12,0
LF:5
LH:0
BRF:0
BRH:0
end_of_record
TN:
SF:src/orders/orders.service.ts
FN:39,(anonymous_2)
FN:44,(anonymous_3)
FN:55,(anonymous_4)
FN:59,(anonymous_5)
FN:72,(anonymous_6)
FN:73,(anonymous_7)
FN:79,(anonymous_8)
FN:80,(anonymous_9)
FN:144,(anonymous_10)
FN:200,(anonymous_11)
FN:213,(anonymous_12)
FN:247,(anonymous_13)
FN:260,(anonymous_14)
FN:296,(anonymous_15)
FN:355,(anonymous_16)
FN:378,(anonymous_17)
FN:458,(anonymous_18)
FN:468,(anonymous_19)
FN:475,(anonymous_20)
FN:491,(anonymous_21)
FN:496,(anonymous_22)
FNF:21
FNH:13
FNDA:14,(anonymous_2)
FNDA:3,(anonymous_3)
FNDA:3,(anonymous_4)
FNDA:3,(anonymous_5)
FNDA:0,(anonymous_6)
FNDA:2,(anonymous_7)
FNDA:1,(anonymous_8)
FNDA:1,(anonymous_9)
FNDA:3,(anonymous_10)
FNDA:1,(anonymous_11)
FNDA:2,(anonymous_12)
FNDA:0,(anonymous_13)
FNDA:0,(anonymous_14)
FNDA:0,(anonymous_15)
FNDA:4,(anonymous_16)
FNDA:0,(anonymous_17)
FNDA:0,(anonymous_18)
FNDA:0,(anonymous_19)
FNDA:0,(anonymous_20)
FNDA:4,(anonymous_21)
FNDA:3,(anonymous_22)
DA:1,1
DA:8,1
DA:9,1
DA:12,1
DA:15,1
DA:18,1
DA:36,1
DA:37,14
DA:39,14
DA:45,3
DA:46,3
DA:49,3
DA:56,3
DA:59,3
DA:60,3
DA:71,3
DA:72,2
DA:73,2
DA:74,2
DA:78,1
DA:79,1
DA:80,1
DA:81,1
DA:82,1
DA:83,1
DA:85,1
DA:96,1
DA:97,1
DA:100,1
DA:137,1
DA:138,1
DA:145,3
DA:146,3
DA:148,3
DA:150,3
DA:151,1
DA:154,3
DA:155,1
DA:158,3
DA:159,0
DA:168,3
DA:199,3
DA:200,1
DA:214,2
DA:239,2
DA:240,1
DA:244,1
DA:245,0
DA:247,0
DA:249,0
DA:250,0
DA:254,1
DA:261,0
DA:286,0
DA:287,0
DA:290,0
DA:297,0
DA:301,0
DA:302,0
DA:306,0
DA:307,0
DA:311,0
DA:316,0
DA:317,0
DA:320,0
DA:349,0
DA:356,4
DA:371,4
DA:372,1
DA:376,3
DA:378,3
DA:379,3
DA:382,3
DA:383,1
DA:384,1
DA:386,0
DA:387,0
DA:392,2
DA:393,0
DA:398,0
DA:399,0
DA:404,2
DA:405,2
DA:406,1
DA:410,1
DA:414,1
DA:415,0
DA:418,1
DA:419,0
DA:422,1
DA:448,1
DA:452,1
DA:459,0
DA:469,0
DA:477,0
DA:481,0
DA:482,0
DA:485,0
DA:492,4
DA:496,3
LF:100
LH:68
BRDA:71,0,0,2
BRDA:108,1,0,0
BRDA:108,1,1,1
BRDA:145,2,0,0
BRDA:145,3,0,0
BRDA:150,4,0,1
BRDA:154,5,0,1
BRDA:158,6,0,0
BRDA:239,7,0,1
BRDA:244,8,0,0
BRDA:247,9,0,0
BRDA:247,9,1,0
BRDA:249,10,0,0
BRDA:249,11,0,0
BRDA:249,11,1,0
BRDA:286,12,0,0
BRDA:301,13,0,0
BRDA:306,14,0,0
BRDA:306,15,0,0
BRDA:306,15,1,0
BRDA:316,16,0,0
BRDA:324,17,0,0
BRDA:324,17,1,0
BRDA:371,18,0,1
BRDA:378,19,0,3
BRDA:378,19,1,0
BRDA:382,20,0,1
BRDA:382,21,0,3
BRDA:382,21,1,1
BRDA:383,22,0,1
BRDA:386,23,0,0
BRDA:392,24,0,0
BRDA:392,25,0,2
BRDA:392,25,1,0
BRDA:392,25,2,0
BRDA:398,26,0,0
BRDA:405,27,0,1
BRDA:414,28,0,0
BRDA:418,29,0,0
BRDA:481,30,0,0
BRDA:505,31,0,2
BRDA:505,31,1,1
BRDA:521,32,0,0
BRDA:521,32,1,4
BRF:44
BRH:16
end_of_record
TN:
SF:src/orders/dto/create-order.dto.ts
FN:47,(anonymous_2)
FNF:1
FNH:0
FNDA:0,(anonymous_2)
DA:1,0
DA:2,0
DA:12,0
DA:14,0
DA:20,0
DA:29,0
DA:37,0
DA:40,0
DA:47,0
DA:48,0
DA:56,0
DA:64,0
LF:12
LH:0
BRF:0
BRH:0
end_of_record
TN:
SF:src/orders/dto/index.ts
FNF:0
FNH:0
DA:1,0
DA:2,0
DA:3,0
LF:3
LH:0
BRF:0
BRH:0
end_of_record
TN:
SF:src/orders/dto/order-response.dto.ts
FNF:0
FNH:0
DA:1,0
DA:2,0
DA:4,0
DA:6,0
DA:9,0
DA:12,0
DA:15,0
DA:18,0
DA:21,0
DA:24,0
DA:27,0
DA:30,0
DA:32,0
DA:35,0
DA:38,0
DA:41,0
DA:44,0
DA:47,0
DA:49,0
DA:52,0
DA:55,0
DA:58,0
DA:61,0
DA:63,0
DA:66,0
DA:69,0
DA:72,0
DA:75,0
DA:78,0
DA:80,0
DA:83,0
DA:86,0
DA:89,0
DA:92,0
DA:95,0
DA:98,0
DA:101,0
DA:104,0
DA:107,0
DA:110,0
DA:113,0
DA:116,0
DA:119,0
DA:122,0
DA:125,0
DA:128,0
DA:130,0
DA:135,0
LF:48
LH:0
BRF:0
BRH:0
end_of_record
TN:
SF:src/orders/dto/update-order.dto.ts
FNF:0
FNH:0
DA:1,0
DA:2,0
DA:3,0
DA:5,0
DA:12,0
DA:20,0
DA:23,0
DA:30,0
DA:38,0
LF:9
LH:0
BRF:0
BRH:0
end_of_record
TN:
SF:src/payments/index.ts
FNF:0
FNH:0
DA:1,0
DA:2,0
DA:3,0
DA:4,0
LF:4
LH:0
BRF:0
BRH:0
end_of_record
TN:
SF:src/payments/payments.controller.ts
FN:41,(anonymous_4)
FN:62,(anonymous_5)
FN:81,(anonymous_6)
FN:103,(anonymous_7)
FN:138,(anonymous_8)
FN:164,(anonymous_9)
FN:184,(anonymous_10)
FN:195,(anonymous_11)
FNF:8
FNH:0
FNDA:0,(anonymous_4)
FNDA:0,(anonymous_5)
FNDA:0,(anonymous_6)
FNDA:0,(anonymous_7)
FNDA:0,(anonymous_8)
FNDA:0,(anonymous_9)
FNDA:0,(anonymous_10)
FNDA:0,(anonymous_11)
DA:1,0
DA:16,0
DA:25,0
DA:26,0
DA:27,0
DA:28,0
DA:29,0
DA:30,0
DA:31,0
DA:40,0
DA:42,0
DA:43,0
DA:62,0
DA:66,0
DA:81,0
DA:87,0
DA:103,0
DA:107,0
DA:108,0
DA:109,0
DA:112,0
DA:113,0
DA:114,0
DA:115,0
DA:117,0
DA:138,0
DA:144,0
DA:164,0
DA:165,0
DA:166,0
DA:184,0
DA:188,0
DA:189,0
DA:196,0
DA:197,0
DA:198,0
DA:199,0
LF:37
LH:0
BRDA:89,0,0,0
BRDA:89,0,1,0
BRDA:90,1,0,0
BRDA:90,1,1,0
BRDA:108,2,0,0
BRDA:147,3,0,0
BRDA:147,3,1,0
BRDA:148,4,0,0
BRDA:148,4,1,0
BRDA:196,5,0,0
BRDA:197,6,0,0
BRDA:198,7,0,0
BRF:12
BRH:0
end_of_record
TN:
SF:src/payments/payments.module.ts
FNF:0
FNH:0
DA:1,0
DA:2,0
DA:3,0
DA:4,0
DA:5,0
DA:13,0
LF:6
LH:0
BRF:0
BRH:0
end_of_record
TN:
SF:src/payments/payments.service.ts
FN:32,(anonymous_2)
FN:40,(anonymous_3)
FN:130,(anonymous_4)
FN:176,(anonymous_5)
FN:203,(anonymous_6)
FN:235,(anonymous_7)
FN:271,(anonymous_8)
FN:306,(anonymous_9)
FN:340,(anonymous_10)
FN:381,(anonymous_11)
FN:394,(anonymous_12)
FN:401,(anonymous_13)
FNF:12
FNH:1
FNDA:9,(anonymous_2)
FNDA:0,(anonymous_3)
FNDA:0,(anonymous_4)
FNDA:0,(anonymous_5)
FNDA:0,(anonymous_6)
FNDA:0,(anonymous_7)
FNDA:0,(anonymous_8)
FNDA:0,(anonymous_9)
FNDA:0,(anonymous_10)
FNDA:0,(anonymous_11)
FNDA:0,(anonymous_12)
FNDA:0,(anonymous_13)
DA:1,1
DA:8,1
DA:9,1
DA:10,1
DA:12,1
DA:16,1
DA:18,1
DA:19,1
DA:29,1
DA:30,9
DA:33,9
DA:34,9
DA:41,0
DA:44,0
DA:52,0
DA:53,0
DA:57,0
DA:58,0
DA:62,0
DA:63,0
DA:67,0
DA:68,0
DA:72,0
DA:75,0
DA:87,0
DA:88,0
DA:89,0
DA:90,0
DA:93,0
DA:94,0
DA:106,0
DA:119,0
DA:131,0
DA:133,0
DA:140,0
DA:141,0
DA:145,0
DA:157,0
DA:164,0
DA:170,0
DA:177,0
DA:179,0
DA:183,0
DA:184,0
DA:185,0
DA:188,0
DA:195,0
DA:204,0
DA:206,0
DA:208,0
DA:209,0
DA:210,0
DA:214,0
DA:215,0
DA:216,0
DA:220,0
DA:221,0
DA:222,0
DA:224,0
DA:228,0
DA:236,0
DA:238,0
DA:242,0
DA:243,0
DA:244,0
DA:247,0
DA:256,0
DA:263,0
DA:272,0
DA:279,0
DA:280,0
DA:284,0
DA:285,0
DA:288,0
DA:289,0
DA:292,0
DA:293,0
DA:297,0
DA:300,0
DA:307,0
DA:325,0
DA:326,0
DA:330,0
DA:331,0
DA:334,0
DA:341,0
DA:342,0
DA:344,0
DA:346,0
DA:347,0
DA:350,0
DA:351,0
DA:356,0
DA:380,0
DA:381,0
DA:395,0
DA:402,0
LF:97
LH:12
BRDA:52,0,0,0
BRDA:57,1,0,0
BRDA:62,2,0,0
BRDA:67,3,0,0
BRDA:67,4,0,0
BRDA:67,4,1,0
BRDA:93,5,0,0
BRDA:93,5,1,0
BRDA:140,6,0,0
BRDA:183,7,0,0
BRDA:206,8,0,0
BRDA:206,8,1,0
BRDA:206,8,2,0
BRDA:206,8,3,0
BRDA:221,9,0,0
BRDA:242,10,0,0
BRDA:279,11,0,0
BRDA:284,12,0,0
BRDA:288,13,0,0
BRDA:292,14,0,0
BRDA:325,15,0,0
BRDA:330,16,0,0
BRDA:330,17,0,0
BRDA:330,17,1,0
BRDA:341,18,0,0
BRDA:341,19,0,0
BRDA:346,20,0,0
BRDA:350,21,0,0
BRF:28
BRH:0
end_of_record
TN:
SF:src/payments/dto/create-payment.dto.ts
FNF:0
FNH:0
DA:1,0
DA:2,0
DA:4,0
DA:10,0
DA:18,0
DA:21,0
DA:27,0
LF:7
LH:0
BRF:0
BRH:0
end_of_record
TN:
SF:src/payments/dto/index.ts
FNF:0
FNH:0
DA:1,0
DA:2,0
LF:2
LH:0
BRF:0
BRH:0
end_of_record
TN:
SF:src/payments/dto/payment-response.dto.ts
FNF:0
FNH:0
DA:1,0
DA:2,0
DA:4,0
DA:9,0
DA:15,0
DA:21,0
DA:27,0
DA:30,0
DA:32,0
DA:35,0
DA:38,0
DA:41,0
DA:44,0
DA:47,0
DA:50,0
DA:53,0
DA:56,0
DA:59,0
DA:62,0
DA:65,0
DA:68,0
DA:71,0
DA:73,0
DA:78,0
LF:24
LH:0
BRF:0
BRH:0
end_of_record
TN:
SF:src/prisma/prisma.module.ts
FNF:0
FNH:0
DA:1,0
DA:2,0
DA:9,0
LF:3
LH:0
BRF:0
BRH:0
end_of_record
TN:
SF:src/prisma/prisma.service.ts
FN:8,(anonymous_2)
FN:26,(anonymous_3)
FN:33,(anonymous_4)
FN:38,(anonymous_5)
FN:47,(anonymous_6)
FN:59,(anonymous_7)
FN:60,(anonymous_8)
FN:61,(anonymous_9)
FN:73,(anonymous_10)
FNF:9
FNH:0
FNDA:0,(anonymous_2)
FNDA:0,(anonymous_3)
FNDA:0,(anonymous_4)
FNDA:0,(anonymous_5)
FNDA:0,(anonymous_6)
FNDA:0,(anonymous_7)
FNDA:0,(anonymous_8)
FNDA:0,(anonymous_9)
FNDA:0,(anonymous_10)
DA:1,5
DA:2,5
DA:5,5
DA:6,0
DA:9,0
DA:25,0
DA:26,0
DA:27,0
DA:28,0
DA:34,0
DA:35,0
DA:39,0
DA:40,0
DA:48,0
DA:49,0
DA:52,0
DA:54,0
DA:58,0
DA:59,0
DA:60,0
DA:61,0
DA:63,0
DA:64,0
DA:67,0
DA:74,0
DA:75,0
DA:76,0
DA:79,0
DA:80,0
DA:82,0
DA:91,0
DA:92,0
LF:32
LH:3
BRDA:11,0,0,0
BRDA:11,0,1,0
BRDA:25,1,0,0
BRDA:48,2,0,0
BRDA:63,3,0,0
BRF:5
BRH:0
end_of_record
TN:
SF:src/services/index.ts
FNF:0
FNH:0
DA:1,0
DA:2,0
DA:3,0
DA:4,0
LF:4
LH:0
BRF:0
BRH:0
end_of_record
TN:
SF:src/services/services.controller.ts
FN:35,(anonymous_4)
FN:57,(anonymous_5)
FN:89,(anonymous_6)
FN:108,(anonymous_7)
FN:129,(anonymous_8)
FN:158,(anonymous_9)
FN:178,(anonymous_10)
FN:199,(anonymous_11)
FN:209,(anonymous_12)
FNF:9
FNH:0
FNDA:0,(anonymous_4)
FNDA:0,(anonymous_5)
FNDA:0,(anonymous_6)
FNDA:0,(anonymous_7)
FNDA:0,(anonymous_8)
FNDA:0,(anonymous_9)
FNDA:0,(anonymous_10)
FNDA:0,(anonymous_11)
FNDA:0,(anonymous_12)
DA:1,0
DA:15,0
DA:23,0
DA:24,0
DA:25,0
DA:26,0
DA:27,0
DA:28,0
DA:29,0
DA:34,0
DA:35,0
DA:57,0
DA:66,0
DA:75,0
DA:89,0
DA:90,0
DA:108,0
DA:112,0
DA:129,0
DA:137,0
DA:158,0
DA:163,0
DA:164,0
DA:178,0
DA:179,0
DA:180,0
DA:199,0
DA:203,0
DA:210,0
DA:211,0
DA:212,0
DA:213,0
LF:32
LH:0
BRDA:70,0,0,0
BRDA:70,0,1,0
BRDA:71,1,0,0
BRDA:71,1,1,0
BRDA:72,2,0,0
BRDA:72,2,1,0
BRDA:73,3,0,0
BRDA:73,3,1,0
BRDA:141,4,0,0
BRDA:141,4,1,0
BRDA:142,5,0,0
BRDA:142,5,1,0
BRDA:210,6,0,0
BRDA:211,7,0,0
BRDA:212,8,0,0
BRF:15
BRH:0
end_of_record
TN:
SF:src/services/services.module.ts
FNF:0
FNH:0
DA:1,0
DA:2,0
DA:3,0
DA:4,0
DA:12,0
LF:5
LH:0
BRF:0
BRH:0
end_of_record
TN:
SF:src/services/services.service.ts
FN:29,(anonymous_2)
FN:34,(anonymous_3)
FN:85,(anonymous_4)
FN:146,(anonymous_5)
FN:159,(anonymous_6)
FN:178,(anonymous_7)
FN:225,(anonymous_8)
FN:238,(anonymous_9)
FN:289,(anonymous_10)
FN:321,(anonymous_11)
FN:346,(anonymous_12)
FNF:11
FNH:7
FNDA:13,(anonymous_2)
FNDA:4,(anonymous_3)
FNDA:3,(anonymous_4)
FNDA:1,(anonymous_5)
FNDA:2,(anonymous_6)
FNDA:0,(anonymous_7)
FNDA:0,(anonymous_8)
FNDA:3,(anonymous_9)
FNDA:0,(anonymous_10)
FNDA:0,(anonymous_11)
FNDA:4,(anonymous_12)
DA:1,1
DA:8,1
DA:9,1
DA:12,1
DA:26,1
DA:27,13
DA:29,13
DA:35,4
DA:38,4
DA:42,4
DA:43,1
DA:47,3
DA:48,1
DA:52,2
DA:53,2
DA:56,2
DA:57,1
DA:61,1
DA:78,1
DA:79,1
DA:95,3
DA:96,3
DA:98,3
DA:106,3
DA:107,1
DA:113,3
DA:114,1
DA:117,3
DA:118,0
DA:121,3
DA:122,0
DA:123,0
DA:124,0
DA:126,0
DA:127,0
DA:131,3
DA:145,3
DA:146,1
DA:160,2
DA:168,2
DA:169,1
DA:172,1
DA:179,0
DA:183,0
DA:184,0
DA:188,0
DA:189,0
DA:191,0
DA:195,0
DA:196,0
DA:199,0
DA:200,0
DA:203,0
DA:204,0
DA:210,0
DA:224,0
DA:225,0
DA:239,3
DA:246,3
DA:247,1
DA:251,2
DA:252,1
DA:256,1
DA:257,0
DA:260,0
DA:261,0
DA:265,1
DA:282,1
DA:283,1
DA:290,0
DA:297,0
DA:298,0
DA:302,0
DA:303,0
DA:307,0
DA:314,0
DA:315,0
DA:322,0
DA:326,0
DA:327,0
DA:330,0
DA:339,0
DA:340,0
DA:347,4
LF:84
LH:46
BRDA:42,0,0,1
BRDA:47,1,0,1
BRDA:52,2,0,2
BRDA:56,3,0,1
BRDA:69,4,0,1
BRDA:69,4,1,1
BRDA:93,5,0,0
BRDA:94,6,0,0
BRDA:100,7,0,3
BRDA:100,7,1,3
BRDA:106,8,0,1
BRDA:113,9,0,1
BRDA:117,10,0,0
BRDA:121,11,0,0
BRDA:121,12,0,3
BRDA:121,12,1,3
BRDA:123,13,0,0
BRDA:126,14,0,0
BRDA:168,15,0,1
BRDA:183,16,0,0
BRDA:188,17,0,0
BRDA:188,18,0,0
BRDA:195,19,0,0
BRDA:199,20,0,0
BRDA:203,21,0,0
BRDA:246,22,0,1
BRDA:251,23,0,1
BRDA:251,24,0,2
BRDA:251,24,1,2
BRDA:256,25,0,0
BRDA:260,26,0,0
BRDA:270,27,0,0
BRDA:270,27,1,1
BRDA:297,28,0,0
BRDA:302,29,0,0
BRDA:302,30,0,0
BRDA:302,30,1,0
BRDA:326,31,0,0
BRDA:356,32,0,4
BRDA:356,32,1,0
BRDA:364,33,0,4
BRDA:364,33,1,0
BRF:42
BRH:20
end_of_record
TN:
SF:src/services/dto/create-service.dto.ts
FNF:0
FNH:0
DA:1,0
DA:2,0
DA:14,0
DA:24,0
DA:33,0
DA:42,0
DA:50,0
DA:59,0
DA:69,0
LF:9
LH:0
BRF:0
BRH:0
end_of_record
TN:
SF:src/services/dto/index.ts
FNF:0
FNH:0
DA:1,0
DA:2,0
DA:3,0
LF:3
LH:0
BRF:0
BRH:0
end_of_record
TN:
SF:src/services/dto/service-response.dto.ts
FNF:0
FNH:0
DA:1,0
DA:2,0
DA:4,0
DA:6,0
DA:9,0
DA:12,0
DA:15,0
DA:18,0
DA:20,0
DA:23,0
DA:26,0
DA:29,0
DA:31,0
DA:34,0
DA:37,0
DA:40,0
DA:43,0
DA:46,0
DA:52,0
DA:55,0
DA:58,0
DA:61,0
DA:64,0
DA:67,0
DA:70,0
DA:72,0
DA:77,0
LF:27
LH:0
BRF:0
BRH:0
end_of_record
TN:
SF:src/services/dto/update-service.dto.ts
FNF:0
FNH:0
DA:1,0
DA:2,0
DA:14,0
DA:16,0
DA:27,0
DA:37,0
DA:47,0
DA:55,0
DA:64,0
DA:74,0
DA:82,0
LF:11
LH:0
BRF:0
BRH:0
end_of_record
TN:
SF:src/storage/index.ts
FNF:0
FNH:0
DA:1,0
DA:2,0
LF:2
LH:0
BRF:0
BRH:0
end_of_record
TN:
SF:src/storage/storage.module.ts
FNF:0
FNH:0
DA:1,0
DA:2,0
DA:9,0
LF:3
LH:0
BRF:0
BRH:0
end_of_record
TN:
SF:src/storage/storage.service.ts
FN:35,(anonymous_2)
FN:56,(anonymous_3)
FN:96,(anonymous_4)
FN:111,(anonymous_5)
FN:130,(anonymous_6)
FN:147,(anonymous_7)
FN:159,(anonymous_8)
FN:166,(anonymous_9)
FN:176,(anonymous_10)
FN:186,(anonymous_11)
FNF:10
FNH:0
FNDA:0,(anonymous_2)
FNDA:0,(anonymous_3)
FNDA:0,(anonymous_4)
FNDA:0,(anonymous_5)
FNDA:0,(anonymous_6)
FNDA:0,(anonymous_7)
FNDA:0,(anonymous_8)
FNDA:0,(anonymous_9)
FNDA:0,(anonymous_10)
FNDA:0,(anonymous_11)
DA:1,0
DA:2,0
DA:3,0
DA:11,0
DA:12,0
DA:28,0
DA:29,0
DA:35,0
DA:36,0
DA:37,0
DA:38,0
DA:40,0
DA:50,0
DA:61,0
DA:64,0
DA:65,0
DA:66,0
DA:68,0
DA:69,0
DA:80,0
DA:82,0
DA:88,0
DA:89,0
DA:102,0
DA:103,0
DA:105,0
DA:112,0
DA:113,0
DA:120,0
DA:122,0
DA:123,0
DA:131,0
DA:132,0
DA:138,0
DA:140,0
DA:148,0
DA:153,0
DA:160,0
DA:167,0
DA:168,0
DA:176,0
DA:178,0
DA:179,0
DA:187,0
DA:188,0
DA:205,0
LF:46
LH:0
BRDA:59,0,0,0
BRDA:61,1,0,0
BRDA:61,2,0,0
BRDA:64,3,0,0
BRDA:64,3,1,0
BRDA:65,4,0,0
BRDA:65,4,1,0
BRDA:74,5,0,0
BRDA:74,5,1,0
BRDA:75,6,0,0
BRDA:75,6,1,0
BRDA:84,7,0,0
BRDA:84,7,1,0
BRDA:99,8,0,0
BRDA:147,9,0,0
BRDA:166,10,0,0
BRDA:176,11,0,0
BRDA:176,11,1,0
BRDA:176,12,0,0
BRDA:176,12,1,0
BRDA:187,13,0,0
BRDA:187,13,1,0
BRDA:205,14,0,0
BRDA:205,14,1,0
BRF:24
BRH:0
end_of_record
TN:
SF:src/stripe/index.ts
FNF:0
FNH:0
DA:1,0
DA:2,0
LF:2
LH:0
BRF:0
BRH:0
end_of_record
TN:
SF:src/stripe/stripe.module.ts
FNF:0
FNH:0
DA:1,0
DA:2,0
DA:9,0
LF:3
LH:0
BRF:0
BRH:0
end_of_record
TN:
SF:src/stripe/stripe.service.ts
FN:25,(anonymous_2)
FN:45,(anonymous_3)
FN:71,(anonymous_4)
FN:78,(anonymous_5)
FN:92,(anonymous_6)
FN:115,(anonymous_7)
FN:133,(anonymous_8)
FN:161,(anonymous_9)
FN:184,(anonymous_10)
FN:191,(anonymous_11)
FN:215,(anonymous_12)
FNF:11
FNH:0
FNDA:0,(anonymous_2)
FNDA:0,(anonymous_3)
FNDA:0,(anonymous_4)
FNDA:0,(anonymous_5)
FNDA:0,(anonymous_6)
FNDA:0,(anonymous_7)
FNDA:0,(anonymous_8)
FNDA:0,(anonymous_9)
FNDA:0,(anonymous_10)
FNDA:0,(anonymous_11)
FNDA:0,(anonymous_12)
DA:1,1
DA:2,1
DA:3,1
DA:20,1
DA:21,0
DA:25,0
DA:26,0
DA:28,0
DA:29,0
DA:31,0
DA:33,0
DA:39,0
DA:46,0
DA:48,0
DA:49,0
DA:60,0
DA:61,0
DA:63,0
DA:64,0
DA:72,0
DA:79,0
DA:80,0
DA:81,0
DA:82,0
DA:84,0
DA:85,0
DA:97,0
DA:98,0
DA:104,0
DA:105,0
DA:107,0
DA:108,0
DA:116,0
DA:117,0
DA:122,0
DA:123,0
DA:125,0
DA:126,0
DA:134,0
DA:136,0
DA:137,0
DA:150,0
DA:151,0
DA:153,0
DA:154,0
DA:166,0
DA:167,0
DA:174,0
DA:176,0
DA:177,0
DA:185,0
DA:196,0
DA:197,0
DA:204,0
DA:205,0
DA:207,0
DA:208,0
DA:216,0
DA:217,0
DA:220,0
DA:221,0
DA:223,0
DA:224,0
LF:63
LH:4
BRDA:28,0,0,0
BRDA:28,0,1,0
BRDA:39,1,0,0
BRDA:39,1,1,0
BRDA:46,2,0,0
BRDA:134,3,0,0
BRDA:216,4,0,0
BRF:7
BRH:0
end_of_record
TN:
SF:src/vendors/vendors.controller.ts
FN:28,(anonymous_4)
FN:34,(anonymous_5)
FN:44,(anonymous_6)
FN:52,(anonymous_7)
FN:64,(anonymous_8)
FN:72,(anonymous_9)
FN:85,(anonymous_10)
FN:99,(anonymous_11)
FN:107,(anonymous_12)
FN:115,(anonymous_13)
FNF:10
FNH:0
FNDA:0,(anonymous_4)
FNDA:0,(anonymous_5)
FNDA:0,(anonymous_6)
FNDA:0,(anonymous_7)
FNDA:0,(anonymous_8)
FNDA:0,(anonymous_9)
FNDA:0,(anonymous_10)
FNDA:0,(anonymous_11)
FNDA:0,(anonymous_12)
FNDA:0,(anonymous_13)
DA:1,0
DA:13,0
DA:20,0
DA:21,0
DA:22,0
DA:27,0
DA:28,0
DA:34,0
DA:36,0
DA:44,0
DA:45,0
DA:52,0
DA:53,0
DA:54,0
DA:55,0
DA:57,0
DA:64,0
DA:65,0
DA:72,0
DA:73,0
DA:74,0
DA:75,0
DA:77,0
DA:78,0
DA:85,0
DA:87,0
DA:88,0
DA:89,0
DA:91,0
DA:99,0
DA:100,0
DA:107,0
DA:108,0
DA:109,0
DA:116,0
DA:117,0
DA:118,0
DA:119,0
LF:38
LH:0
BRDA:54,0,0,0
BRDA:74,1,0,0
BRDA:88,2,0,0
BRDA:116,3,0,0
BRDA:117,4,0,0
BRDA:118,5,0,0
BRF:6
BRH:0
end_of_record
TN:
SF:src/vendors/vendors.module.ts
FN:7,(anonymous_1)
FNF:1
FNH:0
FNDA:0,(anonymous_1)
DA:1,0
DA:2,0
DA:3,0
DA:4,0
DA:7,0
DA:12,0
LF:6
LH:0
BRF:0
BRH:0
end_of_record
TN:
SF:src/vendors/vendors.service.ts
FN:4,(anonymous_2)
FN:26,(anonymous_3)
FN:28,(anonymous_4)
FN:35,(anonymous_5)
FN:38,(anonymous_6)
FN:46,(anonymous_7)
FN:54,(anonymous_8)
FN:70,(anonymous_9)
FN:100,(anonymous_10)
FN:109,(anonymous_11)
FN:115,(anonymous_12)
FNF:11
FNH:11
FNDA:1,(anonymous_2)
FNDA:13,(anonymous_3)
FNDA:2,(anonymous_4)
FNDA:1,(anonymous_5)
FNDA:6,(anonymous_6)
FNDA:1,(anonymous_7)
FNDA:1,(anonymous_8)
FNDA:4,(anonymous_9)
FNDA:1,(anonymous_10)
FNDA:1,(anonymous_11)
FNDA:10,(anonymous_12)
DA:1,1
DA:2,1
DA:4,1
DA:5,1
DA:6,1
DA:7,1
DA:25,1
DA:26,13
DA:29,2
DA:30,2
DA:35,2
DA:39,6
DA:43,6
DA:47,1
DA:51,1
DA:55,1
DA:67,1
DA:76,4
DA:77,4
DA:78,1
DA:82,3
DA:83,1
DA:86,2
DA:97,2
DA:101,1
DA:106,1
DA:110,1
DA:116,10
LF:28
LH:28
BRDA:4,0,0,1
BRDA:4,0,1,1
BRDA:29,1,0,1
BRDA:29,1,1,1
BRDA:43,2,0,4
BRDA:43,2,1,2
BRDA:51,3,0,1
BRDA:51,3,1,0
BRDA:58,4,0,1
BRDA:58,4,1,0
BRDA:59,5,0,1
BRDA:59,5,1,0
BRDA:77,6,0,1
BRDA:82,7,0,1
BRDA:82,8,0,3
BRDA:82,8,1,2
BRDA:125,9,0,10
BRDA:125,9,1,10
BRF:18
BRH:15
end_of_record
TN:
SF:src/wills/wills.controller.ts
FN:13,(anonymous_4)
FN:23,(anonymous_5)
FN:32,(anonymous_6)
FN:42,(anonymous_7)
FN:51,(anonymous_8)
FNF:5
FNH:0
FNDA:0,(anonymous_4)
FNDA:0,(anonymous_5)
FNDA:0,(anonymous_6)
FNDA:0,(anonymous_7)
FNDA:0,(anonymous_8)
DA:1,0
DA:2,0
DA:3,0
DA:8,0
DA:13,0
DA:16,0
DA:23,0
DA:25,0
DA:32,0
DA:35,0
DA:42,0
DA:44,0
DA:51,0
DA:53,0
LF:14
LH:0
BRF:0
BRH:0
end_of_record
